2024-09-04 14:17:29,514 [Worker-5: Loading available Gradle versions] INFO  o.e.b.c.i.u.g.PublishedGradleVersions - Gradle version information cache is out-of-date. Trying to update.
2024-09-04 14:23:33,432 [Worker-7: Import Getting Started Content] INFO  o.e.m.c.i.l.LifecycleMappingFactory - Using org.eclipse.m2e.jdt.JarLifecycleMapping lifecycle mapping for MavenProject: com.maven:MavenApplication:0.0.1-SNAPSHOT @ D:\SoftwareArchitect\mavenTool\demo\pom.xml.
2024-09-04 14:23:39,029 [Worker-7: Import Getting Started Content] INFO  o.e.m.j.i.AbstractJavaProjectConfigurator - Adding source folder /demo/src/main/java
2024-09-04 14:23:39,031 [Worker-7: Import Getting Started Content] INFO  o.e.m.j.i.AbstractJavaProjectConfigurator - Adding resource folder /demo/src/main/resources
2024-09-04 14:23:39,041 [Worker-7: Import Getting Started Content] INFO  o.e.m.j.i.AbstractJavaProjectConfigurator - Adding resource folder /demo/src/main/resources
2024-09-04 14:23:39,049 [Worker-7: Import Getting Started Content] INFO  o.e.m.j.i.AbstractJavaProjectConfigurator - Adding source folder /demo/src/test/java
2024-09-04 14:23:39,050 [Worker-7: Import Getting Started Content] INFO  o.e.m.j.i.AbstractJavaProjectConfigurator - Adding resource folder /demo/src/test/resources
2024-09-04 14:23:43,899 [Worker-7: Import Getting Started Content] INFO  o.e.m.c.i.p.ProjectConfigurationManager - Imported and configured 1 project(s) in 18 sec
2024-09-04 14:23:43,904 [Worker-7: Import Getting Started Content] INFO  o.e.m.c.i.p.ProjectConfigurationManager - Update started
2024-09-04 14:23:44,407 [Worker-7: Import Getting Started Content] INFO  o.e.m.c.i.l.LifecycleMappingFactory - Using org.eclipse.m2e.jdt.JarLifecycleMapping lifecycle mapping for MavenProject: com.maven:MavenApplication:0.0.1-SNAPSHOT @ D:\SoftwareArchitect\mavenTool\demo\pom.xml.
2024-09-04 14:23:45,351 [Worker-7: Import Getting Started Content] INFO  o.e.m.j.i.AbstractJavaProjectConfigurator - Adding source folder /demo/src/main/java
2024-09-04 14:23:45,352 [Worker-7: Import Getting Started Content] INFO  o.e.m.j.i.AbstractJavaProjectConfigurator - Adding resource folder /demo/src/main/resources
2024-09-04 14:23:45,353 [Worker-7: Import Getting Started Content] INFO  o.e.m.j.i.AbstractJavaProjectConfigurator - Adding resource folder /demo/src/main/resources
2024-09-04 14:23:45,353 [Worker-7: Import Getting Started Content] INFO  o.e.m.j.i.AbstractJavaProjectConfigurator - Adding source folder /demo/src/test/java
2024-09-04 14:23:45,354 [Worker-7: Import Getting Started Content] INFO  o.e.m.j.i.AbstractJavaProjectConfigurator - Adding resource folder /demo/src/test/resources
2024-09-04 14:23:46,108 [Worker-7: Import Getting Started Content] INFO  o.e.m.c.i.p.ProjectConfigurationManager - Update completed for 1 poms: local refresh takes 0.00 sec, refresh facades takes 1.00 sec, update config takes 0.00 sec 
2024-09-04 14:23:47,263 [Worker-14: Building] INFO  o.a.m.s.f.DefaultMavenResourcesFiltering - Copying 1 resource from src\main\resources to target\classes
2024-09-04 14:23:47,296 [Worker-14: Building] INFO  o.a.m.s.f.DefaultMavenResourcesFiltering - Copying 0 resource from src\main\resources to target\classes
2024-09-04 14:23:47,308 [Worker-14: Building] INFO  o.a.m.s.f.DefaultMavenResourcesFiltering - skip non existing resourceDirectory D:\SoftwareArchitect\mavenTool\demo\src\test\resources
2024-09-04 14:26:25,205 [Worker-11: Updating Maven Project] INFO  o.e.m.c.i.p.ProjectConfigurationManager - Update started
2024-09-04 14:26:25,759 [Worker-11: Updating Maven Project] INFO  o.e.m.c.i.l.LifecycleMappingFactory - Using org.eclipse.m2e.jdt.JarLifecycleMapping lifecycle mapping for MavenProject: com.maven:MavenApplication:0.0.1-SNAPSHOT @ D:\SoftwareArchitect\mavenTool\demo\pom.xml.
2024-09-04 14:26:26,757 [Worker-11: Updating Maven Project] INFO  o.e.m.j.i.AbstractJavaProjectConfigurator - Adding source folder /demo/src/main/java
2024-09-04 14:26:26,758 [Worker-11: Updating Maven Project] INFO  o.e.m.j.i.AbstractJavaProjectConfigurator - Adding resource folder /demo/src/main/resources
2024-09-04 14:26:26,758 [Worker-11: Updating Maven Project] INFO  o.e.m.j.i.AbstractJavaProjectConfigurator - Adding resource folder /demo/src/main/resources
2024-09-04 14:26:26,759 [Worker-11: Updating Maven Project] INFO  o.e.m.j.i.AbstractJavaProjectConfigurator - Adding source folder /demo/src/test/java
2024-09-04 14:26:26,760 [Worker-11: Updating Maven Project] INFO  o.e.m.j.i.AbstractJavaProjectConfigurator - Adding resource folder /demo/src/test/resources
2024-09-04 14:26:27,142 [Worker-11: Updating Maven Project] INFO  o.e.m.c.i.p.ProjectConfigurationManager - Update completed for 1 poms: local refresh takes 0.00 sec, refresh facades takes 1.00 sec, update config takes 0.00 sec 
2024-09-04 14:26:28,444 [Worker-11: Building] INFO  o.a.m.s.f.DefaultMavenResourcesFiltering - Copying 1 resource from src\main\resources to target\classes
2024-09-04 14:26:28,660 [Worker-11: Building] INFO  o.a.m.s.f.DefaultMavenResourcesFiltering - Copying 0 resource from src\main\resources to target\classes
2024-09-04 14:26:28,666 [Worker-11: Building] INFO  o.a.m.s.f.DefaultMavenResourcesFiltering - skip non existing resourceDirectory D:\SoftwareArchitect\mavenTool\demo\src\test\resources
2024-09-04 14:31:02,430 [Worker-17: Building] INFO  o.e.m.c.i.l.LifecycleMappingFactory - Using org.eclipse.m2e.jdt.JarLifecycleMapping lifecycle mapping for MavenProject: com.maven:MavenApplication:0.0.1-SNAPSHOT @ D:\SoftwareArchitect\mavenTool\demo\pom.xml.
2024-09-04 14:31:25,124 [Worker-17: Building] INFO  o.e.m.c.i.e.AbstractTransferListenerAdapter - Downloaded https://repo.maven.apache.org/maven2/org/hibernate/orm/hibernate-core/7.0.0.Beta1/hibernate-core-7.0.0.Beta1.pom
2024-09-04 14:31:26,773 [Worker-17: Building] INFO  o.a.m.s.f.DefaultMavenResourcesFiltering - Copying 0 resource from src\main\resources to target\classes
2024-09-04 14:31:26,775 [Worker-17: Building] INFO  o.a.m.s.f.DefaultMavenResourcesFiltering - Copying 0 resource from src\main\resources to target\classes
2024-09-04 14:31:26,779 [Worker-17: Building] INFO  o.a.m.s.f.DefaultMavenResourcesFiltering - skip non existing resourceDirectory D:\SoftwareArchitect\mavenTool\demo\src\test\resources
2024-09-04 14:31:39,432 [Worker-21: Download sources and javadoc] INFO  o.e.m.c.i.e.AbstractTransferListenerAdapter - Downloading https://repo.maven.apache.org/maven2/org/hibernate/orm/hibernate-core/7.0.0.Beta1/hibernate-core-7.0.0.Beta1-sources.jar
2024-09-04 14:32:26,083 [Worker-17: Building] INFO  o.e.m.c.i.l.LifecycleMappingFactory - Using org.eclipse.m2e.jdt.JarLifecycleMapping lifecycle mapping for MavenProject: com.maven:MavenApplication:0.0.1-SNAPSHOT @ D:\SoftwareArchitect\mavenTool\demo\pom.xml.
2024-09-04 14:32:27,139 [Worker-17: Building] INFO  o.a.m.s.f.DefaultMavenResourcesFiltering - Copying 0 resource from src\main\resources to target\classes
2024-09-04 14:32:27,141 [Worker-17: Building] INFO  o.a.m.s.f.DefaultMavenResourcesFiltering - Copying 0 resource from src\main\resources to target\classes
2024-09-04 14:32:27,149 [Worker-17: Building] INFO  o.a.m.s.f.DefaultMavenResourcesFiltering - skip non existing resourceDirectory D:\SoftwareArchitect\mavenTool\demo\src\test\resources
2024-09-04 14:32:28,919 [Worker-17: Building] INFO  o.a.m.s.f.DefaultMavenResourcesFiltering - Copying 1 resource from src\main\resources to target\classes
2024-09-04 14:32:28,955 [Worker-17: Building] INFO  o.a.m.s.f.DefaultMavenResourcesFiltering - Copying 0 resource from src\main\resources to target\classes
2024-09-04 14:32:28,971 [Worker-17: Building] INFO  o.a.m.s.f.DefaultMavenResourcesFiltering - skip non existing resourceDirectory D:\SoftwareArchitect\mavenTool\demo\src\test\resources
2024-09-04 14:34:04,295 [Worker-21: Download sources and javadoc] INFO  o.e.m.c.i.e.AbstractTransferListenerAdapter - Downloaded https://repo.maven.apache.org/maven2/org/hibernate/orm/hibernate-core/7.0.0.Beta1/hibernate-core-7.0.0.Beta1-sources.jar
2024-09-04 14:34:04,367 [Worker-21: Download sources and javadoc] INFO  o.e.m.j.internal.DownloadSourcesJob - Downloaded sources for org.hibernate.orm:hibernate-core:7.0.0.Beta1
2024-09-04 14:36:20,527 [Worker-23: Building] INFO  o.e.m.c.i.l.LifecycleMappingFactory - Using org.eclipse.m2e.jdt.JarLifecycleMapping lifecycle mapping for MavenProject: com.maven:MavenApplication:0.0.1-SNAPSHOT @ D:\SoftwareArchitect\mavenTool\demo\pom.xml.
2024-09-04 14:36:22,470 [Worker-23: Building] INFO  o.a.m.s.f.DefaultMavenResourcesFiltering - Copying 0 resource from src\main\resources to target\classes
2024-09-04 14:36:22,472 [Worker-23: Building] INFO  o.a.m.s.f.DefaultMavenResourcesFiltering - Copying 0 resource from src\main\resources to target\classes
2024-09-04 14:36:22,479 [Worker-23: Building] INFO  o.a.m.s.f.DefaultMavenResourcesFiltering - skip non existing resourceDirectory D:\SoftwareArchitect\mavenTool\demo\src\test\resources
2024-09-04 15:13:14,760 [Worker-32: Launching Executing clean in D__SoftwareArchitect_mavenTool_demo] INFO  o.eclipse.m2e.core.internal.Bundles - getClasspathEntries(Bundle=org.eclipse.m2e.maven.runtime_3.9.700.20240602-2313 [359])
2024-09-04 15:13:14,765 [Worker-32: Launching Executing clean in D__SoftwareArchitect_mavenTool_demo] INFO  o.eclipse.m2e.core.internal.Bundles - 	Entry: D:\Downloads1\sts-4.23.1.RELEASE\plugins\org.eclipse.m2e.maven.runtime_3.9.700.20240602-2313
2024-09-04 15:13:14,766 [Worker-32: Launching Executing clean in D__SoftwareArchitect_mavenTool_demo] INFO  o.eclipse.m2e.core.internal.Bundles - 	Entry: D:\Downloads1\sts-4.23.1.RELEASE\plugins\org.eclipse.m2e.maven.runtime_3.9.700.20240602-2313\jars\aopalliance-1.0.jar
2024-09-04 15:13:14,766 [Worker-32: Launching Executing clean in D__SoftwareArchitect_mavenTool_demo] INFO  o.eclipse.m2e.core.internal.Bundles - 	Entry: D:\Downloads1\sts-4.23.1.RELEASE\plugins\org.eclipse.m2e.maven.runtime_3.9.700.20240602-2313\jars\guice-5.1.0.jar
2024-09-04 15:13:14,766 [Worker-32: Launching Executing clean in D__SoftwareArchitect_mavenTool_demo] INFO  o.eclipse.m2e.core.internal.Bundles - 	Entry: D:\Downloads1\sts-4.23.1.RELEASE\plugins\org.eclipse.m2e.maven.runtime_3.9.700.20240602-2313\jars\httpclient-4.5.14.jar
2024-09-04 15:13:14,766 [Worker-32: Launching Executing clean in D__SoftwareArchitect_mavenTool_demo] INFO  o.eclipse.m2e.core.internal.Bundles - 	Entry: D:\Downloads1\sts-4.23.1.RELEASE\plugins\org.eclipse.m2e.maven.runtime_3.9.700.20240602-2313\jars\httpcore-4.4.16.jar
2024-09-04 15:13:14,766 [Worker-32: Launching Executing clean in D__SoftwareArchitect_mavenTool_demo] INFO  o.eclipse.m2e.core.internal.Bundles - 	Entry: D:\Downloads1\sts-4.23.1.RELEASE\plugins\org.eclipse.m2e.maven.runtime_3.9.700.20240602-2313\jars\jansi-2.4.1.jar
2024-09-04 15:13:14,767 [Worker-32: Launching Executing clean in D__SoftwareArchitect_mavenTool_demo] INFO  o.eclipse.m2e.core.internal.Bundles - 	Entry: D:\Downloads1\sts-4.23.1.RELEASE\plugins\org.eclipse.m2e.maven.runtime_3.9.700.20240602-2313\jars\jcl-over-slf4j-1.7.36.jar
2024-09-04 15:13:14,767 [Worker-32: Launching Executing clean in D__SoftwareArchitect_mavenTool_demo] INFO  o.eclipse.m2e.core.internal.Bundles - 	Entry: D:\Downloads1\sts-4.23.1.RELEASE\plugins\org.eclipse.m2e.maven.runtime_3.9.700.20240602-2313\jars\maven-artifact-3.9.7.jar
2024-09-04 15:13:14,767 [Worker-32: Launching Executing clean in D__SoftwareArchitect_mavenTool_demo] INFO  o.eclipse.m2e.core.internal.Bundles - 	Entry: D:\Downloads1\sts-4.23.1.RELEASE\plugins\org.eclipse.m2e.maven.runtime_3.9.700.20240602-2313\jars\maven-builder-support-3.9.7.jar
2024-09-04 15:13:14,768 [Worker-32: Launching Executing clean in D__SoftwareArchitect_mavenTool_demo] INFO  o.eclipse.m2e.core.internal.Bundles - 	Entry: D:\Downloads1\sts-4.23.1.RELEASE\plugins\org.eclipse.m2e.maven.runtime_3.9.700.20240602-2313\jars\maven-compat-3.9.7.jar
2024-09-04 15:13:14,768 [Worker-32: Launching Executing clean in D__SoftwareArchitect_mavenTool_demo] INFO  o.eclipse.m2e.core.internal.Bundles - 	Entry: D:\Downloads1\sts-4.23.1.RELEASE\plugins\org.eclipse.m2e.maven.runtime_3.9.700.20240602-2313\jars\maven-core-3.9.7.jar
2024-09-04 15:13:14,769 [Worker-32: Launching Executing clean in D__SoftwareArchitect_mavenTool_demo] INFO  o.eclipse.m2e.core.internal.Bundles - 	Entry: D:\Downloads1\sts-4.23.1.RELEASE\plugins\org.eclipse.m2e.maven.runtime_3.9.700.20240602-2313\jars\maven-embedder-3.9.7.jar
2024-09-04 15:13:14,769 [Worker-32: Launching Executing clean in D__SoftwareArchitect_mavenTool_demo] INFO  o.eclipse.m2e.core.internal.Bundles - 	Entry: D:\Downloads1\sts-4.23.1.RELEASE\plugins\org.eclipse.m2e.maven.runtime_3.9.700.20240602-2313\jars\maven-model-3.9.7.jar
2024-09-04 15:13:14,769 [Worker-32: Launching Executing clean in D__SoftwareArchitect_mavenTool_demo] INFO  o.eclipse.m2e.core.internal.Bundles - 	Entry: D:\Downloads1\sts-4.23.1.RELEASE\plugins\org.eclipse.m2e.maven.runtime_3.9.700.20240602-2313\jars\maven-model-builder-3.9.7.jar
2024-09-04 15:13:14,770 [Worker-32: Launching Executing clean in D__SoftwareArchitect_mavenTool_demo] INFO  o.eclipse.m2e.core.internal.Bundles - 	Entry: D:\Downloads1\sts-4.23.1.RELEASE\plugins\org.eclipse.m2e.maven.runtime_3.9.700.20240602-2313\jars\maven-plugin-api-3.9.7.jar
2024-09-04 15:13:14,770 [Worker-32: Launching Executing clean in D__SoftwareArchitect_mavenTool_demo] INFO  o.eclipse.m2e.core.internal.Bundles - 	Entry: D:\Downloads1\sts-4.23.1.RELEASE\plugins\org.eclipse.m2e.maven.runtime_3.9.700.20240602-2313\jars\maven-repository-metadata-3.9.7.jar
2024-09-04 15:13:14,770 [Worker-32: Launching Executing clean in D__SoftwareArchitect_mavenTool_demo] INFO  o.eclipse.m2e.core.internal.Bundles - 	Entry: D:\Downloads1\sts-4.23.1.RELEASE\plugins\org.eclipse.m2e.maven.runtime_3.9.700.20240602-2313\jars\maven-resolver-api-1.9.20.jar
2024-09-04 15:13:14,770 [Worker-32: Launching Executing clean in D__SoftwareArchitect_mavenTool_demo] INFO  o.eclipse.m2e.core.internal.Bundles - 	Entry: D:\Downloads1\sts-4.23.1.RELEASE\plugins\org.eclipse.m2e.maven.runtime_3.9.700.20240602-2313\jars\maven-resolver-connector-basic-1.9.20.jar
2024-09-04 15:13:14,771 [Worker-32: Launching Executing clean in D__SoftwareArchitect_mavenTool_demo] INFO  o.eclipse.m2e.core.internal.Bundles - 	Entry: D:\Downloads1\sts-4.23.1.RELEASE\plugins\org.eclipse.m2e.maven.runtime_3.9.700.20240602-2313\jars\maven-resolver-impl-1.9.20.jar
2024-09-04 15:13:14,771 [Worker-32: Launching Executing clean in D__SoftwareArchitect_mavenTool_demo] INFO  o.eclipse.m2e.core.internal.Bundles - 	Entry: D:\Downloads1\sts-4.23.1.RELEASE\plugins\org.eclipse.m2e.maven.runtime_3.9.700.20240602-2313\jars\maven-resolver-named-locks-1.9.20.jar
2024-09-04 15:13:14,771 [Worker-32: Launching Executing clean in D__SoftwareArchitect_mavenTool_demo] INFO  o.eclipse.m2e.core.internal.Bundles - 	Entry: D:\Downloads1\sts-4.23.1.RELEASE\plugins\org.eclipse.m2e.maven.runtime_3.9.700.20240602-2313\jars\maven-resolver-provider-3.9.7.jar
2024-09-04 15:13:14,771 [Worker-32: Launching Executing clean in D__SoftwareArchitect_mavenTool_demo] INFO  o.eclipse.m2e.core.internal.Bundles - 	Entry: D:\Downloads1\sts-4.23.1.RELEASE\plugins\org.eclipse.m2e.maven.runtime_3.9.700.20240602-2313\jars\maven-resolver-spi-1.9.20.jar
2024-09-04 15:13:14,772 [Worker-32: Launching Executing clean in D__SoftwareArchitect_mavenTool_demo] INFO  o.eclipse.m2e.core.internal.Bundles - 	Entry: D:\Downloads1\sts-4.23.1.RELEASE\plugins\org.eclipse.m2e.maven.runtime_3.9.700.20240602-2313\jars\maven-resolver-transport-file-1.9.20.jar
2024-09-04 15:13:14,772 [Worker-32: Launching Executing clean in D__SoftwareArchitect_mavenTool_demo] INFO  o.eclipse.m2e.core.internal.Bundles - 	Entry: D:\Downloads1\sts-4.23.1.RELEASE\plugins\org.eclipse.m2e.maven.runtime_3.9.700.20240602-2313\jars\maven-resolver-transport-http-1.9.20.jar
2024-09-04 15:13:14,772 [Worker-32: Launching Executing clean in D__SoftwareArchitect_mavenTool_demo] INFO  o.eclipse.m2e.core.internal.Bundles - 	Entry: D:\Downloads1\sts-4.23.1.RELEASE\plugins\org.eclipse.m2e.maven.runtime_3.9.700.20240602-2313\jars\maven-resolver-transport-wagon-1.9.20.jar
2024-09-04 15:13:14,773 [Worker-32: Launching Executing clean in D__SoftwareArchitect_mavenTool_demo] INFO  o.eclipse.m2e.core.internal.Bundles - 	Entry: D:\Downloads1\sts-4.23.1.RELEASE\plugins\org.eclipse.m2e.maven.runtime_3.9.700.20240602-2313\jars\maven-resolver-util-1.9.20.jar
2024-09-04 15:13:14,773 [Worker-32: Launching Executing clean in D__SoftwareArchitect_mavenTool_demo] INFO  o.eclipse.m2e.core.internal.Bundles - 	Entry: D:\Downloads1\sts-4.23.1.RELEASE\plugins\org.eclipse.m2e.maven.runtime_3.9.700.20240602-2313\jars\maven-settings-3.9.7.jar
2024-09-04 15:13:14,774 [Worker-32: Launching Executing clean in D__SoftwareArchitect_mavenTool_demo] INFO  o.eclipse.m2e.core.internal.Bundles - 	Entry: D:\Downloads1\sts-4.23.1.RELEASE\plugins\org.eclipse.m2e.maven.runtime_3.9.700.20240602-2313\jars\maven-settings-builder-3.9.7.jar
2024-09-04 15:13:14,774 [Worker-32: Launching Executing clean in D__SoftwareArchitect_mavenTool_demo] INFO  o.eclipse.m2e.core.internal.Bundles - 	Entry: D:\Downloads1\sts-4.23.1.RELEASE\plugins\org.eclipse.m2e.maven.runtime_3.9.700.20240602-2313\jars\maven-shared-utils-3.4.2.jar
2024-09-04 15:13:14,774 [Worker-32: Launching Executing clean in D__SoftwareArchitect_mavenTool_demo] INFO  o.eclipse.m2e.core.internal.Bundles - 	Entry: D:\Downloads1\sts-4.23.1.RELEASE\plugins\org.eclipse.m2e.maven.runtime_3.9.700.20240602-2313\jars\org.eclipse.sisu.inject-0.9.0.M2.jar
2024-09-04 15:13:14,774 [Worker-32: Launching Executing clean in D__SoftwareArchitect_mavenTool_demo] INFO  o.eclipse.m2e.core.internal.Bundles - 	Entry: D:\Downloads1\sts-4.23.1.RELEASE\plugins\org.eclipse.m2e.maven.runtime_3.9.700.20240602-2313\jars\org.eclipse.sisu.plexus-0.9.0.M2.jar
2024-09-04 15:13:14,775 [Worker-32: Launching Executing clean in D__SoftwareArchitect_mavenTool_demo] INFO  o.eclipse.m2e.core.internal.Bundles - 	Entry: D:\Downloads1\sts-4.23.1.RELEASE\plugins\org.eclipse.m2e.maven.runtime_3.9.700.20240602-2313\jars\plexus-build-api-0.0.7.jar
2024-09-04 15:13:14,775 [Worker-32: Launching Executing clean in D__SoftwareArchitect_mavenTool_demo] INFO  o.eclipse.m2e.core.internal.Bundles - 	Entry: D:\Downloads1\sts-4.23.1.RELEASE\plugins\org.eclipse.m2e.maven.runtime_3.9.700.20240602-2313\jars\plexus-build-api-1.2.0.jar
2024-09-04 15:13:14,776 [Worker-32: Launching Executing clean in D__SoftwareArchitect_mavenTool_demo] INFO  o.eclipse.m2e.core.internal.Bundles - 	Entry: D:\Downloads1\sts-4.23.1.RELEASE\plugins\org.eclipse.m2e.maven.runtime_3.9.700.20240602-2313\jars\plexus-cipher-2.0.jar
2024-09-04 15:13:14,776 [Worker-32: Launching Executing clean in D__SoftwareArchitect_mavenTool_demo] INFO  o.eclipse.m2e.core.internal.Bundles - 	Entry: D:\Downloads1\sts-4.23.1.RELEASE\plugins\org.eclipse.m2e.maven.runtime_3.9.700.20240602-2313\jars\plexus-classworlds-2.8.0.jar
2024-09-04 15:13:14,777 [Worker-32: Launching Executing clean in D__SoftwareArchitect_mavenTool_demo] INFO  o.eclipse.m2e.core.internal.Bundles - 	Entry: D:\Downloads1\sts-4.23.1.RELEASE\plugins\org.eclipse.m2e.maven.runtime_3.9.700.20240602-2313\jars\plexus-component-annotations-2.1.0.jar
2024-09-04 15:13:14,777 [Worker-32: Launching Executing clean in D__SoftwareArchitect_mavenTool_demo] INFO  o.eclipse.m2e.core.internal.Bundles - 	Entry: D:\Downloads1\sts-4.23.1.RELEASE\plugins\org.eclipse.m2e.maven.runtime_3.9.700.20240602-2313\jars\plexus-interpolation-1.27.jar
2024-09-04 15:13:14,777 [Worker-32: Launching Executing clean in D__SoftwareArchitect_mavenTool_demo] INFO  o.eclipse.m2e.core.internal.Bundles - 	Entry: D:\Downloads1\sts-4.23.1.RELEASE\plugins\org.eclipse.m2e.maven.runtime_3.9.700.20240602-2313\jars\plexus-sec-dispatcher-2.0.jar
2024-09-04 15:13:14,777 [Worker-32: Launching Executing clean in D__SoftwareArchitect_mavenTool_demo] INFO  o.eclipse.m2e.core.internal.Bundles - 	Entry: D:\Downloads1\sts-4.23.1.RELEASE\plugins\org.eclipse.m2e.maven.runtime_3.9.700.20240602-2313\jars\plexus-utils-3.5.1.jar
2024-09-04 15:13:14,777 [Worker-32: Launching Executing clean in D__SoftwareArchitect_mavenTool_demo] INFO  o.eclipse.m2e.core.internal.Bundles - 	Entry: D:\Downloads1\sts-4.23.1.RELEASE\plugins\org.eclipse.m2e.maven.runtime_3.9.700.20240602-2313\jars\wagon-file-3.5.3.jar
2024-09-04 15:13:14,777 [Worker-32: Launching Executing clean in D__SoftwareArchitect_mavenTool_demo] INFO  o.eclipse.m2e.core.internal.Bundles - 	Entry: D:\Downloads1\sts-4.23.1.RELEASE\plugins\org.eclipse.m2e.maven.runtime_3.9.700.20240602-2313\jars\wagon-http-3.5.3.jar
2024-09-04 15:13:14,778 [Worker-32: Launching Executing clean in D__SoftwareArchitect_mavenTool_demo] INFO  o.eclipse.m2e.core.internal.Bundles - 	Entry: D:\Downloads1\sts-4.23.1.RELEASE\plugins\org.eclipse.m2e.maven.runtime_3.9.700.20240602-2313\jars\wagon-http-shared-3.5.3.jar
2024-09-04 15:13:14,778 [Worker-32: Launching Executing clean in D__SoftwareArchitect_mavenTool_demo] INFO  o.eclipse.m2e.core.internal.Bundles - 	Entry: D:\Downloads1\sts-4.23.1.RELEASE\plugins\org.eclipse.m2e.maven.runtime_3.9.700.20240602-2313\jars\wagon-provider-api-3.5.3.jar
2024-09-04 15:13:14,779 [Worker-32: Launching Executing clean in D__SoftwareArchitect_mavenTool_demo] INFO  o.eclipse.m2e.core.internal.Bundles - getClasspathEntries(Bundle=com.google.guava_33.2.0.jre [29])
2024-09-04 15:13:14,780 [Worker-32: Launching Executing clean in D__SoftwareArchitect_mavenTool_demo] INFO  o.eclipse.m2e.core.internal.Bundles - 	Entry: D:\Downloads1\sts-4.23.1.RELEASE\plugins\com.google.guava_33.2.0.jre.jar
2024-09-04 15:13:14,780 [Worker-32: Launching Executing clean in D__SoftwareArchitect_mavenTool_demo] INFO  o.eclipse.m2e.core.internal.Bundles - getClasspathEntries(Bundle=slf4j.api_2.0.13 [592])
2024-09-04 15:13:14,780 [Worker-32: Launching Executing clean in D__SoftwareArchitect_mavenTool_demo] INFO  o.eclipse.m2e.core.internal.Bundles - 	Entry: D:\Downloads1\sts-4.23.1.RELEASE\plugins\slf4j.api_2.0.13.jar
2024-09-04 15:13:14,782 [Worker-32: Launching Executing clean in D__SoftwareArchitect_mavenTool_demo] INFO  o.eclipse.m2e.core.internal.Bundles - getClasspathEntries(Bundle=jakarta.inject.jakarta.inject-api_1.0.5 [44])
2024-09-04 15:13:14,782 [Worker-32: Launching Executing clean in D__SoftwareArchitect_mavenTool_demo] INFO  o.eclipse.m2e.core.internal.Bundles - 	Entry: D:\Downloads1\sts-4.23.1.RELEASE\plugins\jakarta.inject.jakarta.inject-api_1.0.5.jar
2024-09-04 15:13:14,782 [Worker-32: Launching Executing clean in D__SoftwareArchitect_mavenTool_demo] INFO  o.eclipse.m2e.core.internal.Bundles - getClasspathEntries(Bundle=javax.annotation_1.3.5.v20200909-1856 [53])
2024-09-04 15:13:14,783 [Worker-32: Launching Executing clean in D__SoftwareArchitect_mavenTool_demo] INFO  o.eclipse.m2e.core.internal.Bundles - 	Entry: D:\Downloads1\sts-4.23.1.RELEASE\plugins\javax.annotation_1.3.5.v20200909-1856.jar
2024-09-04 15:13:14,783 [Worker-32: Launching Executing clean in D__SoftwareArchitect_mavenTool_demo] INFO  o.eclipse.m2e.core.internal.Bundles - getClasspathEntries(Bundle=org.apache.commons.cli_1.8.0 [76])
2024-09-04 15:13:14,783 [Worker-32: Launching Executing clean in D__SoftwareArchitect_mavenTool_demo] INFO  o.eclipse.m2e.core.internal.Bundles - 	Entry: D:\Downloads1\sts-4.23.1.RELEASE\plugins\org.apache.commons.cli_1.8.0.jar
2024-09-04 15:13:14,783 [Worker-32: Launching Executing clean in D__SoftwareArchitect_mavenTool_demo] INFO  o.eclipse.m2e.core.internal.Bundles - getClasspathEntries(Bundle=org.apache.commons.commons-codec_1.16.0 [78])
2024-09-04 15:13:14,783 [Worker-32: Launching Executing clean in D__SoftwareArchitect_mavenTool_demo] INFO  o.eclipse.m2e.core.internal.Bundles - 	Entry: D:\Downloads1\sts-4.23.1.RELEASE\plugins\org.apache.commons.commons-codec_1.16.0.jar
2024-09-04 15:13:14,783 [Worker-32: Launching Executing clean in D__SoftwareArchitect_mavenTool_demo] INFO  o.eclipse.m2e.core.internal.Bundles - getClasspathEntries(Bundle=org.apache.commons.lang3_3.14.0 [82])
2024-09-04 15:13:14,784 [Worker-32: Launching Executing clean in D__SoftwareArchitect_mavenTool_demo] INFO  o.eclipse.m2e.core.internal.Bundles - 	Entry: D:\Downloads1\sts-4.23.1.RELEASE\plugins\org.apache.commons.lang3_3.14.0.jar
2024-09-04 15:13:14,784 [Worker-32: Launching Executing clean in D__SoftwareArchitect_mavenTool_demo] INFO  o.eclipse.m2e.core.internal.Bundles - getClasspathEntries(Bundle=com.google.guava.failureaccess_1.0.2 [30])
2024-09-04 15:13:14,784 [Worker-32: Launching Executing clean in D__SoftwareArchitect_mavenTool_demo] INFO  o.eclipse.m2e.core.internal.Bundles - 	Entry: D:\Downloads1\sts-4.23.1.RELEASE\plugins\com.google.guava.failureaccess_1.0.2.jar
2024-09-04 15:13:14,799 [Worker-32: Launching Executing clean in D__SoftwareArchitect_mavenTool_demo] INFO  o.e.m.i.launch.MavenLaunchDelegate - Run build in "D:\SoftwareArchitect\mavenTool\demo":
2024-09-04 15:13:14,806 [Worker-32: Launching Executing clean in D__SoftwareArchitect_mavenTool_demo] INFO  o.e.m.i.launch.MavenLaunchDelegate -  mvn  -Ppom.xml -B -Dstyle.color=always clean
2024-09-04 15:13:20,732 [Worker-32: Building] INFO  o.a.m.s.f.DefaultMavenResourcesFiltering - Copying 1 resource from src\main\resources to target\classes
2024-09-04 15:13:20,759 [Worker-32: Building] INFO  o.a.m.s.f.DefaultMavenResourcesFiltering - Copying 0 resource from src\main\resources to target\classes
2024-09-04 15:13:20,763 [Worker-32: Building] INFO  o.a.m.s.f.DefaultMavenResourcesFiltering - skip non existing resourceDirectory D:\SoftwareArchitect\mavenTool\demo\src\test\resources
2024-09-04 15:14:50,689 [Worker-32: Launching Executing test in D__SoftwareArchitect_mavenTool_demo] INFO  o.eclipse.m2e.core.internal.Bundles - getClasspathEntries(Bundle=org.eclipse.m2e.maven.runtime_3.9.700.20240602-2313 [359])
2024-09-04 15:14:50,695 [Worker-32: Launching Executing test in D__SoftwareArchitect_mavenTool_demo] INFO  o.eclipse.m2e.core.internal.Bundles - 	Entry: D:\Downloads1\sts-4.23.1.RELEASE\plugins\org.eclipse.m2e.maven.runtime_3.9.700.20240602-2313
2024-09-04 15:14:50,696 [Worker-32: Launching Executing test in D__SoftwareArchitect_mavenTool_demo] INFO  o.eclipse.m2e.core.internal.Bundles - 	Entry: D:\Downloads1\sts-4.23.1.RELEASE\plugins\org.eclipse.m2e.maven.runtime_3.9.700.20240602-2313\jars\aopalliance-1.0.jar
2024-09-04 15:14:50,696 [Worker-32: Launching Executing test in D__SoftwareArchitect_mavenTool_demo] INFO  o.eclipse.m2e.core.internal.Bundles - 	Entry: D:\Downloads1\sts-4.23.1.RELEASE\plugins\org.eclipse.m2e.maven.runtime_3.9.700.20240602-2313\jars\guice-5.1.0.jar
2024-09-04 15:14:50,696 [Worker-32: Launching Executing test in D__SoftwareArchitect_mavenTool_demo] INFO  o.eclipse.m2e.core.internal.Bundles - 	Entry: D:\Downloads1\sts-4.23.1.RELEASE\plugins\org.eclipse.m2e.maven.runtime_3.9.700.20240602-2313\jars\httpclient-4.5.14.jar
2024-09-04 15:14:50,696 [Worker-32: Launching Executing test in D__SoftwareArchitect_mavenTool_demo] INFO  o.eclipse.m2e.core.internal.Bundles - 	Entry: D:\Downloads1\sts-4.23.1.RELEASE\plugins\org.eclipse.m2e.maven.runtime_3.9.700.20240602-2313\jars\httpcore-4.4.16.jar
2024-09-04 15:14:50,696 [Worker-32: Launching Executing test in D__SoftwareArchitect_mavenTool_demo] INFO  o.eclipse.m2e.core.internal.Bundles - 	Entry: D:\Downloads1\sts-4.23.1.RELEASE\plugins\org.eclipse.m2e.maven.runtime_3.9.700.20240602-2313\jars\jansi-2.4.1.jar
2024-09-04 15:14:50,696 [Worker-32: Launching Executing test in D__SoftwareArchitect_mavenTool_demo] INFO  o.eclipse.m2e.core.internal.Bundles - 	Entry: D:\Downloads1\sts-4.23.1.RELEASE\plugins\org.eclipse.m2e.maven.runtime_3.9.700.20240602-2313\jars\jcl-over-slf4j-1.7.36.jar
2024-09-04 15:14:50,696 [Worker-32: Launching Executing test in D__SoftwareArchitect_mavenTool_demo] INFO  o.eclipse.m2e.core.internal.Bundles - 	Entry: D:\Downloads1\sts-4.23.1.RELEASE\plugins\org.eclipse.m2e.maven.runtime_3.9.700.20240602-2313\jars\maven-artifact-3.9.7.jar
2024-09-04 15:14:50,696 [Worker-32: Launching Executing test in D__SoftwareArchitect_mavenTool_demo] INFO  o.eclipse.m2e.core.internal.Bundles - 	Entry: D:\Downloads1\sts-4.23.1.RELEASE\plugins\org.eclipse.m2e.maven.runtime_3.9.700.20240602-2313\jars\maven-builder-support-3.9.7.jar
2024-09-04 15:14:50,696 [Worker-32: Launching Executing test in D__SoftwareArchitect_mavenTool_demo] INFO  o.eclipse.m2e.core.internal.Bundles - 	Entry: D:\Downloads1\sts-4.23.1.RELEASE\plugins\org.eclipse.m2e.maven.runtime_3.9.700.20240602-2313\jars\maven-compat-3.9.7.jar
2024-09-04 15:14:50,696 [Worker-32: Launching Executing test in D__SoftwareArchitect_mavenTool_demo] INFO  o.eclipse.m2e.core.internal.Bundles - 	Entry: D:\Downloads1\sts-4.23.1.RELEASE\plugins\org.eclipse.m2e.maven.runtime_3.9.700.20240602-2313\jars\maven-core-3.9.7.jar
2024-09-04 15:14:50,696 [Worker-32: Launching Executing test in D__SoftwareArchitect_mavenTool_demo] INFO  o.eclipse.m2e.core.internal.Bundles - 	Entry: D:\Downloads1\sts-4.23.1.RELEASE\plugins\org.eclipse.m2e.maven.runtime_3.9.700.20240602-2313\jars\maven-embedder-3.9.7.jar
2024-09-04 15:14:50,696 [Worker-32: Launching Executing test in D__SoftwareArchitect_mavenTool_demo] INFO  o.eclipse.m2e.core.internal.Bundles - 	Entry: D:\Downloads1\sts-4.23.1.RELEASE\plugins\org.eclipse.m2e.maven.runtime_3.9.700.20240602-2313\jars\maven-model-3.9.7.jar
2024-09-04 15:14:50,696 [Worker-32: Launching Executing test in D__SoftwareArchitect_mavenTool_demo] INFO  o.eclipse.m2e.core.internal.Bundles - 	Entry: D:\Downloads1\sts-4.23.1.RELEASE\plugins\org.eclipse.m2e.maven.runtime_3.9.700.20240602-2313\jars\maven-model-builder-3.9.7.jar
2024-09-04 15:14:50,696 [Worker-32: Launching Executing test in D__SoftwareArchitect_mavenTool_demo] INFO  o.eclipse.m2e.core.internal.Bundles - 	Entry: D:\Downloads1\sts-4.23.1.RELEASE\plugins\org.eclipse.m2e.maven.runtime_3.9.700.20240602-2313\jars\maven-plugin-api-3.9.7.jar
2024-09-04 15:14:50,696 [Worker-32: Launching Executing test in D__SoftwareArchitect_mavenTool_demo] INFO  o.eclipse.m2e.core.internal.Bundles - 	Entry: D:\Downloads1\sts-4.23.1.RELEASE\plugins\org.eclipse.m2e.maven.runtime_3.9.700.20240602-2313\jars\maven-repository-metadata-3.9.7.jar
2024-09-04 15:14:50,698 [Worker-32: Launching Executing test in D__SoftwareArchitect_mavenTool_demo] INFO  o.eclipse.m2e.core.internal.Bundles - 	Entry: D:\Downloads1\sts-4.23.1.RELEASE\plugins\org.eclipse.m2e.maven.runtime_3.9.700.20240602-2313\jars\maven-resolver-api-1.9.20.jar
2024-09-04 15:14:50,698 [Worker-32: Launching Executing test in D__SoftwareArchitect_mavenTool_demo] INFO  o.eclipse.m2e.core.internal.Bundles - 	Entry: D:\Downloads1\sts-4.23.1.RELEASE\plugins\org.eclipse.m2e.maven.runtime_3.9.700.20240602-2313\jars\maven-resolver-connector-basic-1.9.20.jar
2024-09-04 15:14:50,698 [Worker-32: Launching Executing test in D__SoftwareArchitect_mavenTool_demo] INFO  o.eclipse.m2e.core.internal.Bundles - 	Entry: D:\Downloads1\sts-4.23.1.RELEASE\plugins\org.eclipse.m2e.maven.runtime_3.9.700.20240602-2313\jars\maven-resolver-impl-1.9.20.jar
2024-09-04 15:14:50,698 [Worker-32: Launching Executing test in D__SoftwareArchitect_mavenTool_demo] INFO  o.eclipse.m2e.core.internal.Bundles - 	Entry: D:\Downloads1\sts-4.23.1.RELEASE\plugins\org.eclipse.m2e.maven.runtime_3.9.700.20240602-2313\jars\maven-resolver-named-locks-1.9.20.jar
2024-09-04 15:14:50,698 [Worker-32: Launching Executing test in D__SoftwareArchitect_mavenTool_demo] INFO  o.eclipse.m2e.core.internal.Bundles - 	Entry: D:\Downloads1\sts-4.23.1.RELEASE\plugins\org.eclipse.m2e.maven.runtime_3.9.700.20240602-2313\jars\maven-resolver-provider-3.9.7.jar
2024-09-04 15:14:50,698 [Worker-32: Launching Executing test in D__SoftwareArchitect_mavenTool_demo] INFO  o.eclipse.m2e.core.internal.Bundles - 	Entry: D:\Downloads1\sts-4.23.1.RELEASE\plugins\org.eclipse.m2e.maven.runtime_3.9.700.20240602-2313\jars\maven-resolver-spi-1.9.20.jar
2024-09-04 15:14:50,698 [Worker-32: Launching Executing test in D__SoftwareArchitect_mavenTool_demo] INFO  o.eclipse.m2e.core.internal.Bundles - 	Entry: D:\Downloads1\sts-4.23.1.RELEASE\plugins\org.eclipse.m2e.maven.runtime_3.9.700.20240602-2313\jars\maven-resolver-transport-file-1.9.20.jar
2024-09-04 15:14:50,698 [Worker-32: Launching Executing test in D__SoftwareArchitect_mavenTool_demo] INFO  o.eclipse.m2e.core.internal.Bundles - 	Entry: D:\Downloads1\sts-4.23.1.RELEASE\plugins\org.eclipse.m2e.maven.runtime_3.9.700.20240602-2313\jars\maven-resolver-transport-http-1.9.20.jar
2024-09-04 15:14:50,698 [Worker-32: Launching Executing test in D__SoftwareArchitect_mavenTool_demo] INFO  o.eclipse.m2e.core.internal.Bundles - 	Entry: D:\Downloads1\sts-4.23.1.RELEASE\plugins\org.eclipse.m2e.maven.runtime_3.9.700.20240602-2313\jars\maven-resolver-transport-wagon-1.9.20.jar
2024-09-04 15:14:50,698 [Worker-32: Launching Executing test in D__SoftwareArchitect_mavenTool_demo] INFO  o.eclipse.m2e.core.internal.Bundles - 	Entry: D:\Downloads1\sts-4.23.1.RELEASE\plugins\org.eclipse.m2e.maven.runtime_3.9.700.20240602-2313\jars\maven-resolver-util-1.9.20.jar
2024-09-04 15:14:50,698 [Worker-32: Launching Executing test in D__SoftwareArchitect_mavenTool_demo] INFO  o.eclipse.m2e.core.internal.Bundles - 	Entry: D:\Downloads1\sts-4.23.1.RELEASE\plugins\org.eclipse.m2e.maven.runtime_3.9.700.20240602-2313\jars\maven-settings-3.9.7.jar
2024-09-04 15:14:50,698 [Worker-32: Launching Executing test in D__SoftwareArchitect_mavenTool_demo] INFO  o.eclipse.m2e.core.internal.Bundles - 	Entry: D:\Downloads1\sts-4.23.1.RELEASE\plugins\org.eclipse.m2e.maven.runtime_3.9.700.20240602-2313\jars\maven-settings-builder-3.9.7.jar
2024-09-04 15:14:50,698 [Worker-32: Launching Executing test in D__SoftwareArchitect_mavenTool_demo] INFO  o.eclipse.m2e.core.internal.Bundles - 	Entry: D:\Downloads1\sts-4.23.1.RELEASE\plugins\org.eclipse.m2e.maven.runtime_3.9.700.20240602-2313\jars\maven-shared-utils-3.4.2.jar
2024-09-04 15:14:50,698 [Worker-32: Launching Executing test in D__SoftwareArchitect_mavenTool_demo] INFO  o.eclipse.m2e.core.internal.Bundles - 	Entry: D:\Downloads1\sts-4.23.1.RELEASE\plugins\org.eclipse.m2e.maven.runtime_3.9.700.20240602-2313\jars\org.eclipse.sisu.inject-0.9.0.M2.jar
2024-09-04 15:14:50,698 [Worker-32: Launching Executing test in D__SoftwareArchitect_mavenTool_demo] INFO  o.eclipse.m2e.core.internal.Bundles - 	Entry: D:\Downloads1\sts-4.23.1.RELEASE\plugins\org.eclipse.m2e.maven.runtime_3.9.700.20240602-2313\jars\org.eclipse.sisu.plexus-0.9.0.M2.jar
2024-09-04 15:14:50,698 [Worker-32: Launching Executing test in D__SoftwareArchitect_mavenTool_demo] INFO  o.eclipse.m2e.core.internal.Bundles - 	Entry: D:\Downloads1\sts-4.23.1.RELEASE\plugins\org.eclipse.m2e.maven.runtime_3.9.700.20240602-2313\jars\plexus-build-api-0.0.7.jar
2024-09-04 15:14:50,698 [Worker-32: Launching Executing test in D__SoftwareArchitect_mavenTool_demo] INFO  o.eclipse.m2e.core.internal.Bundles - 	Entry: D:\Downloads1\sts-4.23.1.RELEASE\plugins\org.eclipse.m2e.maven.runtime_3.9.700.20240602-2313\jars\plexus-build-api-1.2.0.jar
2024-09-04 15:14:50,698 [Worker-32: Launching Executing test in D__SoftwareArchitect_mavenTool_demo] INFO  o.eclipse.m2e.core.internal.Bundles - 	Entry: D:\Downloads1\sts-4.23.1.RELEASE\plugins\org.eclipse.m2e.maven.runtime_3.9.700.20240602-2313\jars\plexus-cipher-2.0.jar
2024-09-04 15:14:50,698 [Worker-32: Launching Executing test in D__SoftwareArchitect_mavenTool_demo] INFO  o.eclipse.m2e.core.internal.Bundles - 	Entry: D:\Downloads1\sts-4.23.1.RELEASE\plugins\org.eclipse.m2e.maven.runtime_3.9.700.20240602-2313\jars\plexus-classworlds-2.8.0.jar
2024-09-04 15:14:50,698 [Worker-32: Launching Executing test in D__SoftwareArchitect_mavenTool_demo] INFO  o.eclipse.m2e.core.internal.Bundles - 	Entry: D:\Downloads1\sts-4.23.1.RELEASE\plugins\org.eclipse.m2e.maven.runtime_3.9.700.20240602-2313\jars\plexus-component-annotations-2.1.0.jar
2024-09-04 15:14:50,698 [Worker-32: Launching Executing test in D__SoftwareArchitect_mavenTool_demo] INFO  o.eclipse.m2e.core.internal.Bundles - 	Entry: D:\Downloads1\sts-4.23.1.RELEASE\plugins\org.eclipse.m2e.maven.runtime_3.9.700.20240602-2313\jars\plexus-interpolation-1.27.jar
2024-09-04 15:14:50,698 [Worker-32: Launching Executing test in D__SoftwareArchitect_mavenTool_demo] INFO  o.eclipse.m2e.core.internal.Bundles - 	Entry: D:\Downloads1\sts-4.23.1.RELEASE\plugins\org.eclipse.m2e.maven.runtime_3.9.700.20240602-2313\jars\plexus-sec-dispatcher-2.0.jar
2024-09-04 15:14:50,699 [Worker-32: Launching Executing test in D__SoftwareArchitect_mavenTool_demo] INFO  o.eclipse.m2e.core.internal.Bundles - 	Entry: D:\Downloads1\sts-4.23.1.RELEASE\plugins\org.eclipse.m2e.maven.runtime_3.9.700.20240602-2313\jars\plexus-utils-3.5.1.jar
2024-09-04 15:14:50,699 [Worker-32: Launching Executing test in D__SoftwareArchitect_mavenTool_demo] INFO  o.eclipse.m2e.core.internal.Bundles - 	Entry: D:\Downloads1\sts-4.23.1.RELEASE\plugins\org.eclipse.m2e.maven.runtime_3.9.700.20240602-2313\jars\wagon-file-3.5.3.jar
2024-09-04 15:14:50,699 [Worker-32: Launching Executing test in D__SoftwareArchitect_mavenTool_demo] INFO  o.eclipse.m2e.core.internal.Bundles - 	Entry: D:\Downloads1\sts-4.23.1.RELEASE\plugins\org.eclipse.m2e.maven.runtime_3.9.700.20240602-2313\jars\wagon-http-3.5.3.jar
2024-09-04 15:14:50,699 [Worker-32: Launching Executing test in D__SoftwareArchitect_mavenTool_demo] INFO  o.eclipse.m2e.core.internal.Bundles - 	Entry: D:\Downloads1\sts-4.23.1.RELEASE\plugins\org.eclipse.m2e.maven.runtime_3.9.700.20240602-2313\jars\wagon-http-shared-3.5.3.jar
2024-09-04 15:14:50,699 [Worker-32: Launching Executing test in D__SoftwareArchitect_mavenTool_demo] INFO  o.eclipse.m2e.core.internal.Bundles - 	Entry: D:\Downloads1\sts-4.23.1.RELEASE\plugins\org.eclipse.m2e.maven.runtime_3.9.700.20240602-2313\jars\wagon-provider-api-3.5.3.jar
2024-09-04 15:14:50,699 [Worker-32: Launching Executing test in D__SoftwareArchitect_mavenTool_demo] INFO  o.eclipse.m2e.core.internal.Bundles - getClasspathEntries(Bundle=com.google.guava_33.2.0.jre [29])
2024-09-04 15:14:50,699 [Worker-32: Launching Executing test in D__SoftwareArchitect_mavenTool_demo] INFO  o.eclipse.m2e.core.internal.Bundles - 	Entry: D:\Downloads1\sts-4.23.1.RELEASE\plugins\com.google.guava_33.2.0.jre.jar
2024-09-04 15:14:50,699 [Worker-32: Launching Executing test in D__SoftwareArchitect_mavenTool_demo] INFO  o.eclipse.m2e.core.internal.Bundles - getClasspathEntries(Bundle=slf4j.api_2.0.13 [592])
2024-09-04 15:14:50,699 [Worker-32: Launching Executing test in D__SoftwareArchitect_mavenTool_demo] INFO  o.eclipse.m2e.core.internal.Bundles - 	Entry: D:\Downloads1\sts-4.23.1.RELEASE\plugins\slf4j.api_2.0.13.jar
2024-09-04 15:14:50,699 [Worker-32: Launching Executing test in D__SoftwareArchitect_mavenTool_demo] INFO  o.eclipse.m2e.core.internal.Bundles - getClasspathEntries(Bundle=jakarta.inject.jakarta.inject-api_1.0.5 [44])
2024-09-04 15:14:50,700 [Worker-32: Launching Executing test in D__SoftwareArchitect_mavenTool_demo] INFO  o.eclipse.m2e.core.internal.Bundles - 	Entry: D:\Downloads1\sts-4.23.1.RELEASE\plugins\jakarta.inject.jakarta.inject-api_1.0.5.jar
2024-09-04 15:14:50,700 [Worker-32: Launching Executing test in D__SoftwareArchitect_mavenTool_demo] INFO  o.eclipse.m2e.core.internal.Bundles - getClasspathEntries(Bundle=javax.annotation_1.3.5.v20200909-1856 [53])
2024-09-04 15:14:50,700 [Worker-32: Launching Executing test in D__SoftwareArchitect_mavenTool_demo] INFO  o.eclipse.m2e.core.internal.Bundles - 	Entry: D:\Downloads1\sts-4.23.1.RELEASE\plugins\javax.annotation_1.3.5.v20200909-1856.jar
2024-09-04 15:14:50,700 [Worker-32: Launching Executing test in D__SoftwareArchitect_mavenTool_demo] INFO  o.eclipse.m2e.core.internal.Bundles - getClasspathEntries(Bundle=org.apache.commons.cli_1.8.0 [76])
2024-09-04 15:14:50,700 [Worker-32: Launching Executing test in D__SoftwareArchitect_mavenTool_demo] INFO  o.eclipse.m2e.core.internal.Bundles - 	Entry: D:\Downloads1\sts-4.23.1.RELEASE\plugins\org.apache.commons.cli_1.8.0.jar
2024-09-04 15:14:50,700 [Worker-32: Launching Executing test in D__SoftwareArchitect_mavenTool_demo] INFO  o.eclipse.m2e.core.internal.Bundles - getClasspathEntries(Bundle=org.apache.commons.commons-codec_1.16.0 [78])
2024-09-04 15:14:50,700 [Worker-32: Launching Executing test in D__SoftwareArchitect_mavenTool_demo] INFO  o.eclipse.m2e.core.internal.Bundles - 	Entry: D:\Downloads1\sts-4.23.1.RELEASE\plugins\org.apache.commons.commons-codec_1.16.0.jar
2024-09-04 15:14:50,700 [Worker-32: Launching Executing test in D__SoftwareArchitect_mavenTool_demo] INFO  o.eclipse.m2e.core.internal.Bundles - getClasspathEntries(Bundle=org.apache.commons.lang3_3.14.0 [82])
2024-09-04 15:14:50,700 [Worker-32: Launching Executing test in D__SoftwareArchitect_mavenTool_demo] INFO  o.eclipse.m2e.core.internal.Bundles - 	Entry: D:\Downloads1\sts-4.23.1.RELEASE\plugins\org.apache.commons.lang3_3.14.0.jar
2024-09-04 15:14:50,700 [Worker-32: Launching Executing test in D__SoftwareArchitect_mavenTool_demo] INFO  o.eclipse.m2e.core.internal.Bundles - getClasspathEntries(Bundle=com.google.guava.failureaccess_1.0.2 [30])
2024-09-04 15:14:50,700 [Worker-32: Launching Executing test in D__SoftwareArchitect_mavenTool_demo] INFO  o.eclipse.m2e.core.internal.Bundles - 	Entry: D:\Downloads1\sts-4.23.1.RELEASE\plugins\com.google.guava.failureaccess_1.0.2.jar
2024-09-04 15:14:50,705 [Worker-32: Launching Executing test in D__SoftwareArchitect_mavenTool_demo] INFO  o.e.m.i.launch.MavenLaunchDelegate - Run build in "D:\SoftwareArchitect\mavenTool\demo":
2024-09-04 15:14:50,705 [Worker-32: Launching Executing test in D__SoftwareArchitect_mavenTool_demo] INFO  o.e.m.i.launch.MavenLaunchDelegate -  mvn  -Ppom.xml -B -Dstyle.color=always test
2024-09-04 15:18:38,874 [Worker-41: Building] INFO  o.a.m.s.f.DefaultMavenResourcesFiltering - Copying 1 resource from src\main\resources to target\classes
2024-09-04 15:18:39,444 [Worker-41: Building] INFO  o.a.m.s.f.DefaultMavenResourcesFiltering - Copying 0 resource from src\main\resources to target\classes
2024-09-04 15:18:39,453 [Worker-41: Building] INFO  o.a.m.s.f.DefaultMavenResourcesFiltering - skip non existing resourceDirectory D:\SoftwareArchitect\mavenTool\demo\src\test\resources
2024-09-04 15:20:24,140 [Worker-43: Building] INFO  o.a.m.s.f.DefaultMavenResourcesFiltering - Copying 1 resource from src\main\resources to target\classes
2024-09-04 15:20:24,171 [Worker-43: Building] INFO  o.a.m.s.f.DefaultMavenResourcesFiltering - Copying 0 resource from src\main\resources to target\classes
2024-09-04 15:20:24,176 [Worker-43: Building] INFO  o.a.m.s.f.DefaultMavenResourcesFiltering - skip non existing resourceDirectory D:\SoftwareArchitect\mavenTool\demo\src\test\resources
2024-09-04 15:20:49,594 [Worker-33: Building] INFO  o.a.m.s.f.DefaultMavenResourcesFiltering - Copying 1 resource from src\main\resources to target\classes
2024-09-04 15:20:49,818 [Worker-33: Building] INFO  o.a.m.s.f.DefaultMavenResourcesFiltering - Copying 0 resource from src\main\resources to target\classes
2024-09-04 15:20:49,833 [Worker-33: Building] INFO  o.a.m.s.f.DefaultMavenResourcesFiltering - skip non existing resourceDirectory D:\SoftwareArchitect\mavenTool\demo\src\test\resources
2024-09-04 15:20:51,166 [Worker-45: Building] INFO  o.a.m.s.f.DefaultMavenResourcesFiltering - Copying 1 resource from src\main\resources to target\classes
2024-09-04 15:20:51,240 [Worker-45: Building] INFO  o.a.m.s.f.DefaultMavenResourcesFiltering - Copying 0 resource from src\main\resources to target\classes
2024-09-04 15:20:51,246 [Worker-45: Building] INFO  o.a.m.s.f.DefaultMavenResourcesFiltering - skip non existing resourceDirectory D:\SoftwareArchitect\mavenTool\demo\src\test\resources
2024-09-04 15:21:16,000 [Worker-43: Building] INFO  o.a.m.s.f.DefaultMavenResourcesFiltering - Copying 1 resource from src\main\resources to target\classes
2024-09-04 15:21:16,009 [Worker-43: Building] INFO  o.a.m.s.f.DefaultMavenResourcesFiltering - Copying 0 resource from src\main\resources to target\classes
2024-09-04 15:21:16,017 [Worker-43: Building] INFO  o.a.m.s.f.DefaultMavenResourcesFiltering - skip non existing resourceDirectory D:\SoftwareArchitect\mavenTool\demo\src\test\resources
2024-09-04 15:22:42,168 [Worker-42: Launching Executing test in D__SoftwareArchitect_mavenTool_demo] INFO  o.eclipse.m2e.core.internal.Bundles - getClasspathEntries(Bundle=org.eclipse.m2e.maven.runtime_3.9.700.20240602-2313 [359])
2024-09-04 15:22:42,175 [Worker-42: Launching Executing test in D__SoftwareArchitect_mavenTool_demo] INFO  o.eclipse.m2e.core.internal.Bundles - 	Entry: D:\Downloads1\sts-4.23.1.RELEASE\plugins\org.eclipse.m2e.maven.runtime_3.9.700.20240602-2313
2024-09-04 15:22:42,176 [Worker-42: Launching Executing test in D__SoftwareArchitect_mavenTool_demo] INFO  o.eclipse.m2e.core.internal.Bundles - 	Entry: D:\Downloads1\sts-4.23.1.RELEASE\plugins\org.eclipse.m2e.maven.runtime_3.9.700.20240602-2313\jars\aopalliance-1.0.jar
2024-09-04 15:22:42,178 [Worker-42: Launching Executing test in D__SoftwareArchitect_mavenTool_demo] INFO  o.eclipse.m2e.core.internal.Bundles - 	Entry: D:\Downloads1\sts-4.23.1.RELEASE\plugins\org.eclipse.m2e.maven.runtime_3.9.700.20240602-2313\jars\guice-5.1.0.jar
2024-09-04 15:22:42,178 [Worker-42: Launching Executing test in D__SoftwareArchitect_mavenTool_demo] INFO  o.eclipse.m2e.core.internal.Bundles - 	Entry: D:\Downloads1\sts-4.23.1.RELEASE\plugins\org.eclipse.m2e.maven.runtime_3.9.700.20240602-2313\jars\httpclient-4.5.14.jar
2024-09-04 15:22:42,178 [Worker-42: Launching Executing test in D__SoftwareArchitect_mavenTool_demo] INFO  o.eclipse.m2e.core.internal.Bundles - 	Entry: D:\Downloads1\sts-4.23.1.RELEASE\plugins\org.eclipse.m2e.maven.runtime_3.9.700.20240602-2313\jars\httpcore-4.4.16.jar
2024-09-04 15:22:42,178 [Worker-42: Launching Executing test in D__SoftwareArchitect_mavenTool_demo] INFO  o.eclipse.m2e.core.internal.Bundles - 	Entry: D:\Downloads1\sts-4.23.1.RELEASE\plugins\org.eclipse.m2e.maven.runtime_3.9.700.20240602-2313\jars\jansi-2.4.1.jar
2024-09-04 15:22:42,178 [Worker-42: Launching Executing test in D__SoftwareArchitect_mavenTool_demo] INFO  o.eclipse.m2e.core.internal.Bundles - 	Entry: D:\Downloads1\sts-4.23.1.RELEASE\plugins\org.eclipse.m2e.maven.runtime_3.9.700.20240602-2313\jars\jcl-over-slf4j-1.7.36.jar
2024-09-04 15:22:42,178 [Worker-42: Launching Executing test in D__SoftwareArchitect_mavenTool_demo] INFO  o.eclipse.m2e.core.internal.Bundles - 	Entry: D:\Downloads1\sts-4.23.1.RELEASE\plugins\org.eclipse.m2e.maven.runtime_3.9.700.20240602-2313\jars\maven-artifact-3.9.7.jar
2024-09-04 15:22:42,179 [Worker-42: Launching Executing test in D__SoftwareArchitect_mavenTool_demo] INFO  o.eclipse.m2e.core.internal.Bundles - 	Entry: D:\Downloads1\sts-4.23.1.RELEASE\plugins\org.eclipse.m2e.maven.runtime_3.9.700.20240602-2313\jars\maven-builder-support-3.9.7.jar
2024-09-04 15:22:42,180 [Worker-42: Launching Executing test in D__SoftwareArchitect_mavenTool_demo] INFO  o.eclipse.m2e.core.internal.Bundles - 	Entry: D:\Downloads1\sts-4.23.1.RELEASE\plugins\org.eclipse.m2e.maven.runtime_3.9.700.20240602-2313\jars\maven-compat-3.9.7.jar
2024-09-04 15:22:42,180 [Worker-42: Launching Executing test in D__SoftwareArchitect_mavenTool_demo] INFO  o.eclipse.m2e.core.internal.Bundles - 	Entry: D:\Downloads1\sts-4.23.1.RELEASE\plugins\org.eclipse.m2e.maven.runtime_3.9.700.20240602-2313\jars\maven-core-3.9.7.jar
2024-09-04 15:22:42,180 [Worker-42: Launching Executing test in D__SoftwareArchitect_mavenTool_demo] INFO  o.eclipse.m2e.core.internal.Bundles - 	Entry: D:\Downloads1\sts-4.23.1.RELEASE\plugins\org.eclipse.m2e.maven.runtime_3.9.700.20240602-2313\jars\maven-embedder-3.9.7.jar
2024-09-04 15:22:42,180 [Worker-42: Launching Executing test in D__SoftwareArchitect_mavenTool_demo] INFO  o.eclipse.m2e.core.internal.Bundles - 	Entry: D:\Downloads1\sts-4.23.1.RELEASE\plugins\org.eclipse.m2e.maven.runtime_3.9.700.20240602-2313\jars\maven-model-3.9.7.jar
2024-09-04 15:22:42,180 [Worker-42: Launching Executing test in D__SoftwareArchitect_mavenTool_demo] INFO  o.eclipse.m2e.core.internal.Bundles - 	Entry: D:\Downloads1\sts-4.23.1.RELEASE\plugins\org.eclipse.m2e.maven.runtime_3.9.700.20240602-2313\jars\maven-model-builder-3.9.7.jar
2024-09-04 15:22:42,180 [Worker-42: Launching Executing test in D__SoftwareArchitect_mavenTool_demo] INFO  o.eclipse.m2e.core.internal.Bundles - 	Entry: D:\Downloads1\sts-4.23.1.RELEASE\plugins\org.eclipse.m2e.maven.runtime_3.9.700.20240602-2313\jars\maven-plugin-api-3.9.7.jar
2024-09-04 15:22:42,180 [Worker-42: Launching Executing test in D__SoftwareArchitect_mavenTool_demo] INFO  o.eclipse.m2e.core.internal.Bundles - 	Entry: D:\Downloads1\sts-4.23.1.RELEASE\plugins\org.eclipse.m2e.maven.runtime_3.9.700.20240602-2313\jars\maven-repository-metadata-3.9.7.jar
2024-09-04 15:22:42,181 [Worker-42: Launching Executing test in D__SoftwareArchitect_mavenTool_demo] INFO  o.eclipse.m2e.core.internal.Bundles - 	Entry: D:\Downloads1\sts-4.23.1.RELEASE\plugins\org.eclipse.m2e.maven.runtime_3.9.700.20240602-2313\jars\maven-resolver-api-1.9.20.jar
2024-09-04 15:22:42,181 [Worker-42: Launching Executing test in D__SoftwareArchitect_mavenTool_demo] INFO  o.eclipse.m2e.core.internal.Bundles - 	Entry: D:\Downloads1\sts-4.23.1.RELEASE\plugins\org.eclipse.m2e.maven.runtime_3.9.700.20240602-2313\jars\maven-resolver-connector-basic-1.9.20.jar
2024-09-04 15:22:42,181 [Worker-42: Launching Executing test in D__SoftwareArchitect_mavenTool_demo] INFO  o.eclipse.m2e.core.internal.Bundles - 	Entry: D:\Downloads1\sts-4.23.1.RELEASE\plugins\org.eclipse.m2e.maven.runtime_3.9.700.20240602-2313\jars\maven-resolver-impl-1.9.20.jar
2024-09-04 15:22:42,181 [Worker-42: Launching Executing test in D__SoftwareArchitect_mavenTool_demo] INFO  o.eclipse.m2e.core.internal.Bundles - 	Entry: D:\Downloads1\sts-4.23.1.RELEASE\plugins\org.eclipse.m2e.maven.runtime_3.9.700.20240602-2313\jars\maven-resolver-named-locks-1.9.20.jar
2024-09-04 15:22:42,181 [Worker-42: Launching Executing test in D__SoftwareArchitect_mavenTool_demo] INFO  o.eclipse.m2e.core.internal.Bundles - 	Entry: D:\Downloads1\sts-4.23.1.RELEASE\plugins\org.eclipse.m2e.maven.runtime_3.9.700.20240602-2313\jars\maven-resolver-provider-3.9.7.jar
2024-09-04 15:22:42,181 [Worker-42: Launching Executing test in D__SoftwareArchitect_mavenTool_demo] INFO  o.eclipse.m2e.core.internal.Bundles - 	Entry: D:\Downloads1\sts-4.23.1.RELEASE\plugins\org.eclipse.m2e.maven.runtime_3.9.700.20240602-2313\jars\maven-resolver-spi-1.9.20.jar
2024-09-04 15:22:42,182 [Worker-42: Launching Executing test in D__SoftwareArchitect_mavenTool_demo] INFO  o.eclipse.m2e.core.internal.Bundles - 	Entry: D:\Downloads1\sts-4.23.1.RELEASE\plugins\org.eclipse.m2e.maven.runtime_3.9.700.20240602-2313\jars\maven-resolver-transport-file-1.9.20.jar
2024-09-04 15:22:42,182 [Worker-42: Launching Executing test in D__SoftwareArchitect_mavenTool_demo] INFO  o.eclipse.m2e.core.internal.Bundles - 	Entry: D:\Downloads1\sts-4.23.1.RELEASE\plugins\org.eclipse.m2e.maven.runtime_3.9.700.20240602-2313\jars\maven-resolver-transport-http-1.9.20.jar
2024-09-04 15:22:42,182 [Worker-42: Launching Executing test in D__SoftwareArchitect_mavenTool_demo] INFO  o.eclipse.m2e.core.internal.Bundles - 	Entry: D:\Downloads1\sts-4.23.1.RELEASE\plugins\org.eclipse.m2e.maven.runtime_3.9.700.20240602-2313\jars\maven-resolver-transport-wagon-1.9.20.jar
2024-09-04 15:22:42,182 [Worker-42: Launching Executing test in D__SoftwareArchitect_mavenTool_demo] INFO  o.eclipse.m2e.core.internal.Bundles - 	Entry: D:\Downloads1\sts-4.23.1.RELEASE\plugins\org.eclipse.m2e.maven.runtime_3.9.700.20240602-2313\jars\maven-resolver-util-1.9.20.jar
2024-09-04 15:22:42,182 [Worker-42: Launching Executing test in D__SoftwareArchitect_mavenTool_demo] INFO  o.eclipse.m2e.core.internal.Bundles - 	Entry: D:\Downloads1\sts-4.23.1.RELEASE\plugins\org.eclipse.m2e.maven.runtime_3.9.700.20240602-2313\jars\maven-settings-3.9.7.jar
2024-09-04 15:22:42,182 [Worker-42: Launching Executing test in D__SoftwareArchitect_mavenTool_demo] INFO  o.eclipse.m2e.core.internal.Bundles - 	Entry: D:\Downloads1\sts-4.23.1.RELEASE\plugins\org.eclipse.m2e.maven.runtime_3.9.700.20240602-2313\jars\maven-settings-builder-3.9.7.jar
2024-09-04 15:22:42,182 [Worker-42: Launching Executing test in D__SoftwareArchitect_mavenTool_demo] INFO  o.eclipse.m2e.core.internal.Bundles - 	Entry: D:\Downloads1\sts-4.23.1.RELEASE\plugins\org.eclipse.m2e.maven.runtime_3.9.700.20240602-2313\jars\maven-shared-utils-3.4.2.jar
2024-09-04 15:22:42,184 [Worker-42: Launching Executing test in D__SoftwareArchitect_mavenTool_demo] INFO  o.eclipse.m2e.core.internal.Bundles - 	Entry: D:\Downloads1\sts-4.23.1.RELEASE\plugins\org.eclipse.m2e.maven.runtime_3.9.700.20240602-2313\jars\org.eclipse.sisu.inject-0.9.0.M2.jar
2024-09-04 15:22:42,184 [Worker-42: Launching Executing test in D__SoftwareArchitect_mavenTool_demo] INFO  o.eclipse.m2e.core.internal.Bundles - 	Entry: D:\Downloads1\sts-4.23.1.RELEASE\plugins\org.eclipse.m2e.maven.runtime_3.9.700.20240602-2313\jars\org.eclipse.sisu.plexus-0.9.0.M2.jar
2024-09-04 15:22:42,185 [Worker-42: Launching Executing test in D__SoftwareArchitect_mavenTool_demo] INFO  o.eclipse.m2e.core.internal.Bundles - 	Entry: D:\Downloads1\sts-4.23.1.RELEASE\plugins\org.eclipse.m2e.maven.runtime_3.9.700.20240602-2313\jars\plexus-build-api-0.0.7.jar
2024-09-04 15:22:42,187 [Worker-42: Launching Executing test in D__SoftwareArchitect_mavenTool_demo] INFO  o.eclipse.m2e.core.internal.Bundles - 	Entry: D:\Downloads1\sts-4.23.1.RELEASE\plugins\org.eclipse.m2e.maven.runtime_3.9.700.20240602-2313\jars\plexus-build-api-1.2.0.jar
2024-09-04 15:22:42,187 [Worker-42: Launching Executing test in D__SoftwareArchitect_mavenTool_demo] INFO  o.eclipse.m2e.core.internal.Bundles - 	Entry: D:\Downloads1\sts-4.23.1.RELEASE\plugins\org.eclipse.m2e.maven.runtime_3.9.700.20240602-2313\jars\plexus-cipher-2.0.jar
2024-09-04 15:22:42,187 [Worker-42: Launching Executing test in D__SoftwareArchitect_mavenTool_demo] INFO  o.eclipse.m2e.core.internal.Bundles - 	Entry: D:\Downloads1\sts-4.23.1.RELEASE\plugins\org.eclipse.m2e.maven.runtime_3.9.700.20240602-2313\jars\plexus-classworlds-2.8.0.jar
2024-09-04 15:22:42,188 [Worker-42: Launching Executing test in D__SoftwareArchitect_mavenTool_demo] INFO  o.eclipse.m2e.core.internal.Bundles - 	Entry: D:\Downloads1\sts-4.23.1.RELEASE\plugins\org.eclipse.m2e.maven.runtime_3.9.700.20240602-2313\jars\plexus-component-annotations-2.1.0.jar
2024-09-04 15:22:42,189 [Worker-42: Launching Executing test in D__SoftwareArchitect_mavenTool_demo] INFO  o.eclipse.m2e.core.internal.Bundles - 	Entry: D:\Downloads1\sts-4.23.1.RELEASE\plugins\org.eclipse.m2e.maven.runtime_3.9.700.20240602-2313\jars\plexus-interpolation-1.27.jar
2024-09-04 15:22:42,190 [Worker-42: Launching Executing test in D__SoftwareArchitect_mavenTool_demo] INFO  o.eclipse.m2e.core.internal.Bundles - 	Entry: D:\Downloads1\sts-4.23.1.RELEASE\plugins\org.eclipse.m2e.maven.runtime_3.9.700.20240602-2313\jars\plexus-sec-dispatcher-2.0.jar
2024-09-04 15:22:42,190 [Worker-42: Launching Executing test in D__SoftwareArchitect_mavenTool_demo] INFO  o.eclipse.m2e.core.internal.Bundles - 	Entry: D:\Downloads1\sts-4.23.1.RELEASE\plugins\org.eclipse.m2e.maven.runtime_3.9.700.20240602-2313\jars\plexus-utils-3.5.1.jar
2024-09-04 15:22:42,190 [Worker-42: Launching Executing test in D__SoftwareArchitect_mavenTool_demo] INFO  o.eclipse.m2e.core.internal.Bundles - 	Entry: D:\Downloads1\sts-4.23.1.RELEASE\plugins\org.eclipse.m2e.maven.runtime_3.9.700.20240602-2313\jars\wagon-file-3.5.3.jar
2024-09-04 15:22:42,190 [Worker-42: Launching Executing test in D__SoftwareArchitect_mavenTool_demo] INFO  o.eclipse.m2e.core.internal.Bundles - 	Entry: D:\Downloads1\sts-4.23.1.RELEASE\plugins\org.eclipse.m2e.maven.runtime_3.9.700.20240602-2313\jars\wagon-http-3.5.3.jar
2024-09-04 15:22:42,190 [Worker-42: Launching Executing test in D__SoftwareArchitect_mavenTool_demo] INFO  o.eclipse.m2e.core.internal.Bundles - 	Entry: D:\Downloads1\sts-4.23.1.RELEASE\plugins\org.eclipse.m2e.maven.runtime_3.9.700.20240602-2313\jars\wagon-http-shared-3.5.3.jar
2024-09-04 15:22:42,190 [Worker-42: Launching Executing test in D__SoftwareArchitect_mavenTool_demo] INFO  o.eclipse.m2e.core.internal.Bundles - 	Entry: D:\Downloads1\sts-4.23.1.RELEASE\plugins\org.eclipse.m2e.maven.runtime_3.9.700.20240602-2313\jars\wagon-provider-api-3.5.3.jar
2024-09-04 15:22:42,190 [Worker-42: Launching Executing test in D__SoftwareArchitect_mavenTool_demo] INFO  o.eclipse.m2e.core.internal.Bundles - getClasspathEntries(Bundle=com.google.guava_33.2.0.jre [29])
2024-09-04 15:22:42,191 [Worker-42: Launching Executing test in D__SoftwareArchitect_mavenTool_demo] INFO  o.eclipse.m2e.core.internal.Bundles - 	Entry: D:\Downloads1\sts-4.23.1.RELEASE\plugins\com.google.guava_33.2.0.jre.jar
2024-09-04 15:22:42,191 [Worker-42: Launching Executing test in D__SoftwareArchitect_mavenTool_demo] INFO  o.eclipse.m2e.core.internal.Bundles - getClasspathEntries(Bundle=slf4j.api_2.0.13 [592])
2024-09-04 15:22:42,193 [Worker-42: Launching Executing test in D__SoftwareArchitect_mavenTool_demo] INFO  o.eclipse.m2e.core.internal.Bundles - 	Entry: D:\Downloads1\sts-4.23.1.RELEASE\plugins\slf4j.api_2.0.13.jar
2024-09-04 15:22:42,193 [Worker-42: Launching Executing test in D__SoftwareArchitect_mavenTool_demo] INFO  o.eclipse.m2e.core.internal.Bundles - getClasspathEntries(Bundle=jakarta.inject.jakarta.inject-api_1.0.5 [44])
2024-09-04 15:22:42,194 [Worker-42: Launching Executing test in D__SoftwareArchitect_mavenTool_demo] INFO  o.eclipse.m2e.core.internal.Bundles - 	Entry: D:\Downloads1\sts-4.23.1.RELEASE\plugins\jakarta.inject.jakarta.inject-api_1.0.5.jar
2024-09-04 15:22:42,194 [Worker-42: Launching Executing test in D__SoftwareArchitect_mavenTool_demo] INFO  o.eclipse.m2e.core.internal.Bundles - getClasspathEntries(Bundle=javax.annotation_1.3.5.v20200909-1856 [53])
2024-09-04 15:22:42,194 [Worker-42: Launching Executing test in D__SoftwareArchitect_mavenTool_demo] INFO  o.eclipse.m2e.core.internal.Bundles - 	Entry: D:\Downloads1\sts-4.23.1.RELEASE\plugins\javax.annotation_1.3.5.v20200909-1856.jar
2024-09-04 15:22:42,194 [Worker-42: Launching Executing test in D__SoftwareArchitect_mavenTool_demo] INFO  o.eclipse.m2e.core.internal.Bundles - getClasspathEntries(Bundle=org.apache.commons.cli_1.8.0 [76])
2024-09-04 15:22:42,195 [Worker-42: Launching Executing test in D__SoftwareArchitect_mavenTool_demo] INFO  o.eclipse.m2e.core.internal.Bundles - 	Entry: D:\Downloads1\sts-4.23.1.RELEASE\plugins\org.apache.commons.cli_1.8.0.jar
2024-09-04 15:22:42,195 [Worker-42: Launching Executing test in D__SoftwareArchitect_mavenTool_demo] INFO  o.eclipse.m2e.core.internal.Bundles - getClasspathEntries(Bundle=org.apache.commons.commons-codec_1.16.0 [78])
2024-09-04 15:22:42,195 [Worker-42: Launching Executing test in D__SoftwareArchitect_mavenTool_demo] INFO  o.eclipse.m2e.core.internal.Bundles - 	Entry: D:\Downloads1\sts-4.23.1.RELEASE\plugins\org.apache.commons.commons-codec_1.16.0.jar
2024-09-04 15:22:42,195 [Worker-42: Launching Executing test in D__SoftwareArchitect_mavenTool_demo] INFO  o.eclipse.m2e.core.internal.Bundles - getClasspathEntries(Bundle=org.apache.commons.lang3_3.14.0 [82])
2024-09-04 15:22:42,196 [Worker-42: Launching Executing test in D__SoftwareArchitect_mavenTool_demo] INFO  o.eclipse.m2e.core.internal.Bundles - 	Entry: D:\Downloads1\sts-4.23.1.RELEASE\plugins\org.apache.commons.lang3_3.14.0.jar
2024-09-04 15:22:42,196 [Worker-42: Launching Executing test in D__SoftwareArchitect_mavenTool_demo] INFO  o.eclipse.m2e.core.internal.Bundles - getClasspathEntries(Bundle=com.google.guava.failureaccess_1.0.2 [30])
2024-09-04 15:22:42,197 [Worker-42: Launching Executing test in D__SoftwareArchitect_mavenTool_demo] INFO  o.eclipse.m2e.core.internal.Bundles - 	Entry: D:\Downloads1\sts-4.23.1.RELEASE\plugins\com.google.guava.failureaccess_1.0.2.jar
2024-09-04 15:22:42,201 [Worker-42: Launching Executing test in D__SoftwareArchitect_mavenTool_demo] INFO  o.e.m.i.launch.MavenLaunchDelegate - Run build in "D:\SoftwareArchitect\mavenTool\demo":
2024-09-04 15:22:42,203 [Worker-42: Launching Executing test in D__SoftwareArchitect_mavenTool_demo] INFO  o.e.m.i.launch.MavenLaunchDelegate -  mvn  -Ppom.xml -B -Dstyle.color=always test
2024-09-04 15:36:02,736 [Worker-46: Building] INFO  o.e.m.c.i.l.LifecycleMappingFactory - Using org.eclipse.m2e.jdt.JarLifecycleMapping lifecycle mapping for MavenProject: com.maven:MavenApplication:0.0.1-SNAPSHOT @ D:\SoftwareArchitect\mavenTool\demo\pom.xml.
2024-09-04 15:36:07,562 [Worker-46: Building] INFO  o.a.m.s.f.DefaultMavenResourcesFiltering - Copying 0 resource from src\main\resources to target\classes
2024-09-04 15:36:07,566 [Worker-46: Building] INFO  o.a.m.s.f.DefaultMavenResourcesFiltering - Copying 0 resource from src\main\resources to target\classes
2024-09-04 15:36:07,591 [Worker-46: Building] INFO  o.a.m.s.f.DefaultMavenResourcesFiltering - skip non existing resourceDirectory D:\SoftwareArchitect\mavenTool\demo\src\test\resources
2024-09-04 15:36:11,534 [Worker-48: Download sources and javadoc] INFO  o.e.m.c.i.e.AbstractTransferListenerAdapter - Downloading https://repo.maven.apache.org/maven2/org/junit/jupiter/junit-jupiter-api/5.11.0/junit-jupiter-api-5.11.0-sources.jar
2024-09-04 15:36:12,575 [Worker-55: Building] INFO  o.e.m.c.i.l.LifecycleMappingFactory - Using org.eclipse.m2e.jdt.JarLifecycleMapping lifecycle mapping for MavenProject: com.maven:MavenApplication:0.0.1-SNAPSHOT @ D:\SoftwareArchitect\mavenTool\demo\pom.xml.
2024-09-04 15:36:15,187 [Worker-48: Download sources and javadoc] INFO  o.e.m.c.i.e.AbstractTransferListenerAdapter - Downloaded https://repo.maven.apache.org/maven2/org/junit/jupiter/junit-jupiter-api/5.11.0/junit-jupiter-api-5.11.0-sources.jar
2024-09-04 15:36:15,261 [Worker-55: Building] INFO  o.a.m.s.f.DefaultMavenResourcesFiltering - Copying 1 resource from src\main\resources to target\classes
2024-09-04 15:36:15,294 [Worker-48: Download sources and javadoc] INFO  o.e.m.j.internal.DownloadSourcesJob - Downloaded sources for org.junit.jupiter:junit-jupiter-api:5.11.0
2024-09-04 15:36:15,411 [Worker-55: Building] INFO  o.a.m.s.f.DefaultMavenResourcesFiltering - Copying 0 resource from src\main\resources to target\classes
2024-09-04 15:36:15,424 [Worker-55: Building] INFO  o.a.m.s.f.DefaultMavenResourcesFiltering - skip non existing resourceDirectory D:\SoftwareArchitect\mavenTool\demo\src\test\resources
2024-09-04 15:36:42,819 [Worker-55: Building] INFO  o.e.m.c.i.l.LifecycleMappingFactory - Using org.eclipse.m2e.jdt.JarLifecycleMapping lifecycle mapping for MavenProject: com.maven:MavenApplication:0.0.1-SNAPSHOT @ D:\SoftwareArchitect\mavenTool\demo\pom.xml.
2024-09-04 15:36:45,920 [Worker-55: Building] INFO  o.a.m.s.f.DefaultMavenResourcesFiltering - Copying 0 resource from src\main\resources to target\classes
2024-09-04 15:36:45,922 [Worker-55: Building] INFO  o.a.m.s.f.DefaultMavenResourcesFiltering - Copying 0 resource from src\main\resources to target\classes
2024-09-04 15:36:45,938 [Worker-55: Building] INFO  o.a.m.s.f.DefaultMavenResourcesFiltering - skip non existing resourceDirectory D:\SoftwareArchitect\mavenTool\demo\src\test\resources
2024-09-04 15:36:48,189 [Worker-48: Building] INFO  o.a.m.s.f.DefaultMavenResourcesFiltering - Copying 1 resource from src\main\resources to target\classes
2024-09-04 15:36:48,359 [Worker-48: Building] INFO  o.a.m.s.f.DefaultMavenResourcesFiltering - Copying 0 resource from src\main\resources to target\classes
2024-09-04 15:36:48,372 [Worker-48: Building] INFO  o.a.m.s.f.DefaultMavenResourcesFiltering - skip non existing resourceDirectory D:\SoftwareArchitect\mavenTool\demo\src\test\resources
