2024-08-02 10:31:16,409 [Worker-1: Loading available Gradle versions] INFO  o.e.b.c.i.u.g.PublishedGradleVersions - Gradle version information cache is out-of-date. Trying to update.
2024-08-02 10:47:09,884 [ModalContext] INFO  o.e.m.c.i.e.AbstractTransferListenerAdapter - Downloading https://repo.maven.apache.org/maven2/org/apache/maven/archetypes/maven-archetype-quickstart/1.1/maven-archetype-quickstart-1.1.pom
2024-08-02 10:47:10,015 [ModalContext] INFO  o.e.m.c.i.e.AbstractTransferListenerAdapter - Downloaded https://repo.maven.apache.org/maven2/org/apache/maven/archetypes/maven-archetype-quickstart/1.1/maven-archetype-quickstart-1.1.pom
2024-08-02 10:47:10,118 [ModalContext] INFO  o.e.m.c.i.e.AbstractTransferListenerAdapter - Downloading https://repo.maven.apache.org/maven2/org/apache/maven/archetypes/maven-archetype-bundles/4/maven-archetype-bundles-4.pom
2024-08-02 10:47:10,151 [ModalContext] INFO  o.e.m.c.i.e.AbstractTransferListenerAdapter - Downloaded https://repo.maven.apache.org/maven2/org/apache/maven/archetypes/maven-archetype-bundles/4/maven-archetype-bundles-4.pom
2024-08-02 10:47:10,197 [ModalContext] INFO  o.e.m.c.i.e.AbstractTransferListenerAdapter - Downloading https://repo.maven.apache.org/maven2/org/apache/maven/archetype/maven-archetype/2.0-alpha-5/maven-archetype-2.0-alpha-5.pom
2024-08-02 10:47:10,238 [ModalContext] INFO  o.e.m.c.i.e.AbstractTransferListenerAdapter - Downloaded https://repo.maven.apache.org/maven2/org/apache/maven/archetype/maven-archetype/2.0-alpha-5/maven-archetype-2.0-alpha-5.pom
2024-08-02 10:47:10,286 [ModalContext] INFO  o.e.m.c.i.e.AbstractTransferListenerAdapter - Downloading https://repo.maven.apache.org/maven2/org/apache/maven/maven-parent/16/maven-parent-16.pom
2024-08-02 10:47:10,420 [ModalContext] INFO  o.e.m.c.i.e.AbstractTransferListenerAdapter - Downloaded https://repo.maven.apache.org/maven2/org/apache/maven/maven-parent/16/maven-parent-16.pom
2024-08-02 10:47:10,492 [ModalContext] INFO  o.e.m.c.i.e.AbstractTransferListenerAdapter - Downloading https://repo.maven.apache.org/maven2/org/apache/apache/7/apache-7.pom
2024-08-02 10:47:10,549 [ModalContext] INFO  o.e.m.c.i.e.AbstractTransferListenerAdapter - Downloaded https://repo.maven.apache.org/maven2/org/apache/apache/7/apache-7.pom
2024-08-02 10:47:10,679 [ModalContext] INFO  o.e.m.c.i.e.AbstractTransferListenerAdapter - Downloading https://repo.maven.apache.org/maven2/org/apache/maven/archetypes/maven-archetype-quickstart/1.1/maven-archetype-quickstart-1.1.jar
2024-08-02 10:47:10,787 [ModalContext] INFO  o.e.m.c.i.e.AbstractTransferListenerAdapter - Downloaded https://repo.maven.apache.org/maven2/org/apache/maven/archetypes/maven-archetype-quickstart/1.1/maven-archetype-quickstart-1.1.jar
2024-08-02 11:11:26,937 [Worker-10: Launching mavenrun-87911a1f-4ad0-4d05-bb38-eba0ff9fd635] INFO  o.eclipse.m2e.core.internal.Bundles - getClasspathEntries(Bundle=org.eclipse.m2e.maven.runtime_3.9.700.20240602-2313 [359])
2024-08-02 11:11:26,946 [Worker-10: Launching mavenrun-87911a1f-4ad0-4d05-bb38-eba0ff9fd635] INFO  o.eclipse.m2e.core.internal.Bundles - 	Entry: D:\Downloads1\sts-4.23.1.RELEASE\plugins\org.eclipse.m2e.maven.runtime_3.9.700.20240602-2313
2024-08-02 11:11:26,947 [Worker-10: Launching mavenrun-87911a1f-4ad0-4d05-bb38-eba0ff9fd635] INFO  o.eclipse.m2e.core.internal.Bundles - 	Entry: D:\Downloads1\sts-4.23.1.RELEASE\plugins\org.eclipse.m2e.maven.runtime_3.9.700.20240602-2313\jars\aopalliance-1.0.jar
2024-08-02 11:11:26,947 [Worker-10: Launching mavenrun-87911a1f-4ad0-4d05-bb38-eba0ff9fd635] INFO  o.eclipse.m2e.core.internal.Bundles - 	Entry: D:\Downloads1\sts-4.23.1.RELEASE\plugins\org.eclipse.m2e.maven.runtime_3.9.700.20240602-2313\jars\guice-5.1.0.jar
2024-08-02 11:11:26,947 [Worker-10: Launching mavenrun-87911a1f-4ad0-4d05-bb38-eba0ff9fd635] INFO  o.eclipse.m2e.core.internal.Bundles - 	Entry: D:\Downloads1\sts-4.23.1.RELEASE\plugins\org.eclipse.m2e.maven.runtime_3.9.700.20240602-2313\jars\httpclient-4.5.14.jar
2024-08-02 11:11:26,947 [Worker-10: Launching mavenrun-87911a1f-4ad0-4d05-bb38-eba0ff9fd635] INFO  o.eclipse.m2e.core.internal.Bundles - 	Entry: D:\Downloads1\sts-4.23.1.RELEASE\plugins\org.eclipse.m2e.maven.runtime_3.9.700.20240602-2313\jars\httpcore-4.4.16.jar
2024-08-02 11:11:26,947 [Worker-10: Launching mavenrun-87911a1f-4ad0-4d05-bb38-eba0ff9fd635] INFO  o.eclipse.m2e.core.internal.Bundles - 	Entry: D:\Downloads1\sts-4.23.1.RELEASE\plugins\org.eclipse.m2e.maven.runtime_3.9.700.20240602-2313\jars\jansi-2.4.1.jar
2024-08-02 11:11:26,948 [Worker-10: Launching mavenrun-87911a1f-4ad0-4d05-bb38-eba0ff9fd635] INFO  o.eclipse.m2e.core.internal.Bundles - 	Entry: D:\Downloads1\sts-4.23.1.RELEASE\plugins\org.eclipse.m2e.maven.runtime_3.9.700.20240602-2313\jars\jcl-over-slf4j-1.7.36.jar
2024-08-02 11:11:26,948 [Worker-10: Launching mavenrun-87911a1f-4ad0-4d05-bb38-eba0ff9fd635] INFO  o.eclipse.m2e.core.internal.Bundles - 	Entry: D:\Downloads1\sts-4.23.1.RELEASE\plugins\org.eclipse.m2e.maven.runtime_3.9.700.20240602-2313\jars\maven-artifact-3.9.7.jar
2024-08-02 11:11:26,948 [Worker-10: Launching mavenrun-87911a1f-4ad0-4d05-bb38-eba0ff9fd635] INFO  o.eclipse.m2e.core.internal.Bundles - 	Entry: D:\Downloads1\sts-4.23.1.RELEASE\plugins\org.eclipse.m2e.maven.runtime_3.9.700.20240602-2313\jars\maven-builder-support-3.9.7.jar
2024-08-02 11:11:26,948 [Worker-10: Launching mavenrun-87911a1f-4ad0-4d05-bb38-eba0ff9fd635] INFO  o.eclipse.m2e.core.internal.Bundles - 	Entry: D:\Downloads1\sts-4.23.1.RELEASE\plugins\org.eclipse.m2e.maven.runtime_3.9.700.20240602-2313\jars\maven-compat-3.9.7.jar
2024-08-02 11:11:26,948 [Worker-10: Launching mavenrun-87911a1f-4ad0-4d05-bb38-eba0ff9fd635] INFO  o.eclipse.m2e.core.internal.Bundles - 	Entry: D:\Downloads1\sts-4.23.1.RELEASE\plugins\org.eclipse.m2e.maven.runtime_3.9.700.20240602-2313\jars\maven-core-3.9.7.jar
2024-08-02 11:11:26,949 [Worker-10: Launching mavenrun-87911a1f-4ad0-4d05-bb38-eba0ff9fd635] INFO  o.eclipse.m2e.core.internal.Bundles - 	Entry: D:\Downloads1\sts-4.23.1.RELEASE\plugins\org.eclipse.m2e.maven.runtime_3.9.700.20240602-2313\jars\maven-embedder-3.9.7.jar
2024-08-02 11:11:26,949 [Worker-10: Launching mavenrun-87911a1f-4ad0-4d05-bb38-eba0ff9fd635] INFO  o.eclipse.m2e.core.internal.Bundles - 	Entry: D:\Downloads1\sts-4.23.1.RELEASE\plugins\org.eclipse.m2e.maven.runtime_3.9.700.20240602-2313\jars\maven-model-3.9.7.jar
2024-08-02 11:11:26,949 [Worker-10: Launching mavenrun-87911a1f-4ad0-4d05-bb38-eba0ff9fd635] INFO  o.eclipse.m2e.core.internal.Bundles - 	Entry: D:\Downloads1\sts-4.23.1.RELEASE\plugins\org.eclipse.m2e.maven.runtime_3.9.700.20240602-2313\jars\maven-model-builder-3.9.7.jar
2024-08-02 11:11:26,949 [Worker-10: Launching mavenrun-87911a1f-4ad0-4d05-bb38-eba0ff9fd635] INFO  o.eclipse.m2e.core.internal.Bundles - 	Entry: D:\Downloads1\sts-4.23.1.RELEASE\plugins\org.eclipse.m2e.maven.runtime_3.9.700.20240602-2313\jars\maven-plugin-api-3.9.7.jar
2024-08-02 11:11:26,949 [Worker-10: Launching mavenrun-87911a1f-4ad0-4d05-bb38-eba0ff9fd635] INFO  o.eclipse.m2e.core.internal.Bundles - 	Entry: D:\Downloads1\sts-4.23.1.RELEASE\plugins\org.eclipse.m2e.maven.runtime_3.9.700.20240602-2313\jars\maven-repository-metadata-3.9.7.jar
2024-08-02 11:11:26,950 [Worker-10: Launching mavenrun-87911a1f-4ad0-4d05-bb38-eba0ff9fd635] INFO  o.eclipse.m2e.core.internal.Bundles - 	Entry: D:\Downloads1\sts-4.23.1.RELEASE\plugins\org.eclipse.m2e.maven.runtime_3.9.700.20240602-2313\jars\maven-resolver-api-1.9.20.jar
2024-08-02 11:11:26,950 [Worker-10: Launching mavenrun-87911a1f-4ad0-4d05-bb38-eba0ff9fd635] INFO  o.eclipse.m2e.core.internal.Bundles - 	Entry: D:\Downloads1\sts-4.23.1.RELEASE\plugins\org.eclipse.m2e.maven.runtime_3.9.700.20240602-2313\jars\maven-resolver-connector-basic-1.9.20.jar
2024-08-02 11:11:26,950 [Worker-10: Launching mavenrun-87911a1f-4ad0-4d05-bb38-eba0ff9fd635] INFO  o.eclipse.m2e.core.internal.Bundles - 	Entry: D:\Downloads1\sts-4.23.1.RELEASE\plugins\org.eclipse.m2e.maven.runtime_3.9.700.20240602-2313\jars\maven-resolver-impl-1.9.20.jar
2024-08-02 11:11:26,950 [Worker-10: Launching mavenrun-87911a1f-4ad0-4d05-bb38-eba0ff9fd635] INFO  o.eclipse.m2e.core.internal.Bundles - 	Entry: D:\Downloads1\sts-4.23.1.RELEASE\plugins\org.eclipse.m2e.maven.runtime_3.9.700.20240602-2313\jars\maven-resolver-named-locks-1.9.20.jar
2024-08-02 11:11:26,950 [Worker-10: Launching mavenrun-87911a1f-4ad0-4d05-bb38-eba0ff9fd635] INFO  o.eclipse.m2e.core.internal.Bundles - 	Entry: D:\Downloads1\sts-4.23.1.RELEASE\plugins\org.eclipse.m2e.maven.runtime_3.9.700.20240602-2313\jars\maven-resolver-provider-3.9.7.jar
2024-08-02 11:11:26,951 [Worker-10: Launching mavenrun-87911a1f-4ad0-4d05-bb38-eba0ff9fd635] INFO  o.eclipse.m2e.core.internal.Bundles - 	Entry: D:\Downloads1\sts-4.23.1.RELEASE\plugins\org.eclipse.m2e.maven.runtime_3.9.700.20240602-2313\jars\maven-resolver-spi-1.9.20.jar
2024-08-02 11:11:26,951 [Worker-10: Launching mavenrun-87911a1f-4ad0-4d05-bb38-eba0ff9fd635] INFO  o.eclipse.m2e.core.internal.Bundles - 	Entry: D:\Downloads1\sts-4.23.1.RELEASE\plugins\org.eclipse.m2e.maven.runtime_3.9.700.20240602-2313\jars\maven-resolver-transport-file-1.9.20.jar
2024-08-02 11:11:26,951 [Worker-10: Launching mavenrun-87911a1f-4ad0-4d05-bb38-eba0ff9fd635] INFO  o.eclipse.m2e.core.internal.Bundles - 	Entry: D:\Downloads1\sts-4.23.1.RELEASE\plugins\org.eclipse.m2e.maven.runtime_3.9.700.20240602-2313\jars\maven-resolver-transport-http-1.9.20.jar
2024-08-02 11:11:26,951 [Worker-10: Launching mavenrun-87911a1f-4ad0-4d05-bb38-eba0ff9fd635] INFO  o.eclipse.m2e.core.internal.Bundles - 	Entry: D:\Downloads1\sts-4.23.1.RELEASE\plugins\org.eclipse.m2e.maven.runtime_3.9.700.20240602-2313\jars\maven-resolver-transport-wagon-1.9.20.jar
2024-08-02 11:11:26,951 [Worker-10: Launching mavenrun-87911a1f-4ad0-4d05-bb38-eba0ff9fd635] INFO  o.eclipse.m2e.core.internal.Bundles - 	Entry: D:\Downloads1\sts-4.23.1.RELEASE\plugins\org.eclipse.m2e.maven.runtime_3.9.700.20240602-2313\jars\maven-resolver-util-1.9.20.jar
2024-08-02 11:11:26,951 [Worker-10: Launching mavenrun-87911a1f-4ad0-4d05-bb38-eba0ff9fd635] INFO  o.eclipse.m2e.core.internal.Bundles - 	Entry: D:\Downloads1\sts-4.23.1.RELEASE\plugins\org.eclipse.m2e.maven.runtime_3.9.700.20240602-2313\jars\maven-settings-3.9.7.jar
2024-08-02 11:11:26,951 [Worker-10: Launching mavenrun-87911a1f-4ad0-4d05-bb38-eba0ff9fd635] INFO  o.eclipse.m2e.core.internal.Bundles - 	Entry: D:\Downloads1\sts-4.23.1.RELEASE\plugins\org.eclipse.m2e.maven.runtime_3.9.700.20240602-2313\jars\maven-settings-builder-3.9.7.jar
2024-08-02 11:11:26,951 [Worker-10: Launching mavenrun-87911a1f-4ad0-4d05-bb38-eba0ff9fd635] INFO  o.eclipse.m2e.core.internal.Bundles - 	Entry: D:\Downloads1\sts-4.23.1.RELEASE\plugins\org.eclipse.m2e.maven.runtime_3.9.700.20240602-2313\jars\maven-shared-utils-3.4.2.jar
2024-08-02 11:11:26,952 [Worker-10: Launching mavenrun-87911a1f-4ad0-4d05-bb38-eba0ff9fd635] INFO  o.eclipse.m2e.core.internal.Bundles - 	Entry: D:\Downloads1\sts-4.23.1.RELEASE\plugins\org.eclipse.m2e.maven.runtime_3.9.700.20240602-2313\jars\org.eclipse.sisu.inject-0.9.0.M2.jar
2024-08-02 11:11:26,952 [Worker-10: Launching mavenrun-87911a1f-4ad0-4d05-bb38-eba0ff9fd635] INFO  o.eclipse.m2e.core.internal.Bundles - 	Entry: D:\Downloads1\sts-4.23.1.RELEASE\plugins\org.eclipse.m2e.maven.runtime_3.9.700.20240602-2313\jars\org.eclipse.sisu.plexus-0.9.0.M2.jar
2024-08-02 11:11:26,952 [Worker-10: Launching mavenrun-87911a1f-4ad0-4d05-bb38-eba0ff9fd635] INFO  o.eclipse.m2e.core.internal.Bundles - 	Entry: D:\Downloads1\sts-4.23.1.RELEASE\plugins\org.eclipse.m2e.maven.runtime_3.9.700.20240602-2313\jars\plexus-build-api-0.0.7.jar
2024-08-02 11:11:26,952 [Worker-10: Launching mavenrun-87911a1f-4ad0-4d05-bb38-eba0ff9fd635] INFO  o.eclipse.m2e.core.internal.Bundles - 	Entry: D:\Downloads1\sts-4.23.1.RELEASE\plugins\org.eclipse.m2e.maven.runtime_3.9.700.20240602-2313\jars\plexus-build-api-1.2.0.jar
2024-08-02 11:11:26,952 [Worker-10: Launching mavenrun-87911a1f-4ad0-4d05-bb38-eba0ff9fd635] INFO  o.eclipse.m2e.core.internal.Bundles - 	Entry: D:\Downloads1\sts-4.23.1.RELEASE\plugins\org.eclipse.m2e.maven.runtime_3.9.700.20240602-2313\jars\plexus-cipher-2.0.jar
2024-08-02 11:11:26,952 [Worker-10: Launching mavenrun-87911a1f-4ad0-4d05-bb38-eba0ff9fd635] INFO  o.eclipse.m2e.core.internal.Bundles - 	Entry: D:\Downloads1\sts-4.23.1.RELEASE\plugins\org.eclipse.m2e.maven.runtime_3.9.700.20240602-2313\jars\plexus-classworlds-2.8.0.jar
2024-08-02 11:11:26,952 [Worker-10: Launching mavenrun-87911a1f-4ad0-4d05-bb38-eba0ff9fd635] INFO  o.eclipse.m2e.core.internal.Bundles - 	Entry: D:\Downloads1\sts-4.23.1.RELEASE\plugins\org.eclipse.m2e.maven.runtime_3.9.700.20240602-2313\jars\plexus-component-annotations-2.1.0.jar
2024-08-02 11:11:26,953 [Worker-10: Launching mavenrun-87911a1f-4ad0-4d05-bb38-eba0ff9fd635] INFO  o.eclipse.m2e.core.internal.Bundles - 	Entry: D:\Downloads1\sts-4.23.1.RELEASE\plugins\org.eclipse.m2e.maven.runtime_3.9.700.20240602-2313\jars\plexus-interpolation-1.27.jar
2024-08-02 11:11:26,953 [Worker-10: Launching mavenrun-87911a1f-4ad0-4d05-bb38-eba0ff9fd635] INFO  o.eclipse.m2e.core.internal.Bundles - 	Entry: D:\Downloads1\sts-4.23.1.RELEASE\plugins\org.eclipse.m2e.maven.runtime_3.9.700.20240602-2313\jars\plexus-sec-dispatcher-2.0.jar
2024-08-02 11:11:26,953 [Worker-10: Launching mavenrun-87911a1f-4ad0-4d05-bb38-eba0ff9fd635] INFO  o.eclipse.m2e.core.internal.Bundles - 	Entry: D:\Downloads1\sts-4.23.1.RELEASE\plugins\org.eclipse.m2e.maven.runtime_3.9.700.20240602-2313\jars\plexus-utils-3.5.1.jar
2024-08-02 11:11:26,953 [Worker-10: Launching mavenrun-87911a1f-4ad0-4d05-bb38-eba0ff9fd635] INFO  o.eclipse.m2e.core.internal.Bundles - 	Entry: D:\Downloads1\sts-4.23.1.RELEASE\plugins\org.eclipse.m2e.maven.runtime_3.9.700.20240602-2313\jars\wagon-file-3.5.3.jar
2024-08-02 11:11:26,953 [Worker-10: Launching mavenrun-87911a1f-4ad0-4d05-bb38-eba0ff9fd635] INFO  o.eclipse.m2e.core.internal.Bundles - 	Entry: D:\Downloads1\sts-4.23.1.RELEASE\plugins\org.eclipse.m2e.maven.runtime_3.9.700.20240602-2313\jars\wagon-http-3.5.3.jar
2024-08-02 11:11:26,953 [Worker-10: Launching mavenrun-87911a1f-4ad0-4d05-bb38-eba0ff9fd635] INFO  o.eclipse.m2e.core.internal.Bundles - 	Entry: D:\Downloads1\sts-4.23.1.RELEASE\plugins\org.eclipse.m2e.maven.runtime_3.9.700.20240602-2313\jars\wagon-http-shared-3.5.3.jar
2024-08-02 11:11:26,953 [Worker-10: Launching mavenrun-87911a1f-4ad0-4d05-bb38-eba0ff9fd635] INFO  o.eclipse.m2e.core.internal.Bundles - 	Entry: D:\Downloads1\sts-4.23.1.RELEASE\plugins\org.eclipse.m2e.maven.runtime_3.9.700.20240602-2313\jars\wagon-provider-api-3.5.3.jar
2024-08-02 11:11:26,956 [Worker-10: Launching mavenrun-87911a1f-4ad0-4d05-bb38-eba0ff9fd635] INFO  o.eclipse.m2e.core.internal.Bundles - getClasspathEntries(Bundle=com.google.guava_33.2.0.jre [29])
2024-08-02 11:11:26,957 [Worker-10: Launching mavenrun-87911a1f-4ad0-4d05-bb38-eba0ff9fd635] INFO  o.eclipse.m2e.core.internal.Bundles - 	Entry: D:\Downloads1\sts-4.23.1.RELEASE\plugins\com.google.guava_33.2.0.jre.jar
2024-08-02 11:11:26,957 [Worker-10: Launching mavenrun-87911a1f-4ad0-4d05-bb38-eba0ff9fd635] INFO  o.eclipse.m2e.core.internal.Bundles - getClasspathEntries(Bundle=slf4j.api_2.0.13 [592])
2024-08-02 11:11:26,957 [Worker-10: Launching mavenrun-87911a1f-4ad0-4d05-bb38-eba0ff9fd635] INFO  o.eclipse.m2e.core.internal.Bundles - 	Entry: D:\Downloads1\sts-4.23.1.RELEASE\plugins\slf4j.api_2.0.13.jar
2024-08-02 11:11:26,958 [Worker-10: Launching mavenrun-87911a1f-4ad0-4d05-bb38-eba0ff9fd635] INFO  o.eclipse.m2e.core.internal.Bundles - getClasspathEntries(Bundle=jakarta.inject.jakarta.inject-api_1.0.5 [44])
2024-08-02 11:11:26,958 [Worker-10: Launching mavenrun-87911a1f-4ad0-4d05-bb38-eba0ff9fd635] INFO  o.eclipse.m2e.core.internal.Bundles - 	Entry: D:\Downloads1\sts-4.23.1.RELEASE\plugins\jakarta.inject.jakarta.inject-api_1.0.5.jar
2024-08-02 11:11:26,958 [Worker-10: Launching mavenrun-87911a1f-4ad0-4d05-bb38-eba0ff9fd635] INFO  o.eclipse.m2e.core.internal.Bundles - getClasspathEntries(Bundle=javax.annotation_1.3.5.v20200909-1856 [53])
2024-08-02 11:11:26,958 [Worker-10: Launching mavenrun-87911a1f-4ad0-4d05-bb38-eba0ff9fd635] INFO  o.eclipse.m2e.core.internal.Bundles - 	Entry: D:\Downloads1\sts-4.23.1.RELEASE\plugins\javax.annotation_1.3.5.v20200909-1856.jar
2024-08-02 11:11:26,958 [Worker-10: Launching mavenrun-87911a1f-4ad0-4d05-bb38-eba0ff9fd635] INFO  o.eclipse.m2e.core.internal.Bundles - getClasspathEntries(Bundle=org.apache.commons.cli_1.8.0 [76])
2024-08-02 11:11:26,959 [Worker-10: Launching mavenrun-87911a1f-4ad0-4d05-bb38-eba0ff9fd635] INFO  o.eclipse.m2e.core.internal.Bundles - 	Entry: D:\Downloads1\sts-4.23.1.RELEASE\plugins\org.apache.commons.cli_1.8.0.jar
2024-08-02 11:11:26,959 [Worker-10: Launching mavenrun-87911a1f-4ad0-4d05-bb38-eba0ff9fd635] INFO  o.eclipse.m2e.core.internal.Bundles - getClasspathEntries(Bundle=org.apache.commons.commons-codec_1.16.0 [78])
2024-08-02 11:11:26,959 [Worker-10: Launching mavenrun-87911a1f-4ad0-4d05-bb38-eba0ff9fd635] INFO  o.eclipse.m2e.core.internal.Bundles - 	Entry: D:\Downloads1\sts-4.23.1.RELEASE\plugins\org.apache.commons.commons-codec_1.16.0.jar
2024-08-02 11:11:26,959 [Worker-10: Launching mavenrun-87911a1f-4ad0-4d05-bb38-eba0ff9fd635] INFO  o.eclipse.m2e.core.internal.Bundles - getClasspathEntries(Bundle=org.apache.commons.lang3_3.14.0 [82])
2024-08-02 11:11:26,960 [Worker-10: Launching mavenrun-87911a1f-4ad0-4d05-bb38-eba0ff9fd635] INFO  o.eclipse.m2e.core.internal.Bundles - 	Entry: D:\Downloads1\sts-4.23.1.RELEASE\plugins\org.apache.commons.lang3_3.14.0.jar
2024-08-02 11:11:26,960 [Worker-10: Launching mavenrun-87911a1f-4ad0-4d05-bb38-eba0ff9fd635] INFO  o.eclipse.m2e.core.internal.Bundles - getClasspathEntries(Bundle=com.google.guava.failureaccess_1.0.2 [30])
2024-08-02 11:11:26,960 [Worker-10: Launching mavenrun-87911a1f-4ad0-4d05-bb38-eba0ff9fd635] INFO  o.eclipse.m2e.core.internal.Bundles - 	Entry: D:\Downloads1\sts-4.23.1.RELEASE\plugins\com.google.guava.failureaccess_1.0.2.jar
2024-08-02 11:11:26,971 [Worker-10: Launching mavenrun-87911a1f-4ad0-4d05-bb38-eba0ff9fd635] INFO  o.e.m.i.launch.MavenLaunchDelegate - Run build in "C:\Users\doras\AppData\Local\Temp\m2e-archetypeGenerator8129761570947211065":
2024-08-02 11:11:26,985 [Worker-10: Launching mavenrun-87911a1f-4ad0-4d05-bb38-eba0ff9fd635] INFO  o.e.m.i.launch.MavenLaunchDelegate -  mvn  -DarchetypeGroupId=org.apache.maven.archetypes -DarchetypeArtifactId=maven-archetype-quickstart -DarchetypeVersion=1.1 -DgroupId=com.dora -DartifactId=MarshellingUnMarshelling -Dversion=0.0.1-SNAPSHOT -Dpackage=com.dora.MarshellingUnMarshelling -DoutputDirectory=D:\SoftwareArchitect\MarshellingUnMarshelling -Dstyle.color=always -U archetype:generate
2024-08-02 11:24:59,857 [ModalContext] INFO  o.e.m.c.i.e.AbstractTransferListenerAdapter - Downloading https://repo.maven.apache.org/maven2/am/ik/archetype/maven-reactjs-blank-archetype/1.0.0/maven-reactjs-blank-archetype-1.0.0.pom
2024-08-02 11:24:59,900 [ModalContext] INFO  o.e.m.c.i.e.AbstractTransferListenerAdapter - Downloaded https://repo.maven.apache.org/maven2/am/ik/archetype/maven-reactjs-blank-archetype/1.0.0/maven-reactjs-blank-archetype-1.0.0.pom
2024-08-02 11:24:59,956 [ModalContext] INFO  o.e.m.c.i.e.AbstractTransferListenerAdapter - Downloading https://repo.maven.apache.org/maven2/am/ik/archetype/maven-reactjs-blank-archetype/1.0.0/maven-reactjs-blank-archetype-1.0.0.jar
2024-08-02 11:25:00,201 [ModalContext] INFO  o.e.m.c.i.e.AbstractTransferListenerAdapter - Downloaded https://repo.maven.apache.org/maven2/am/ik/archetype/maven-reactjs-blank-archetype/1.0.0/maven-reactjs-blank-archetype-1.0.0.jar
2024-08-02 11:26:28,469 [Worker-13: Launching mavenrun-92ef7390-848d-452f-8f9e-e337bde157bd] INFO  o.eclipse.m2e.core.internal.Bundles - getClasspathEntries(Bundle=org.eclipse.m2e.maven.runtime_3.9.700.20240602-2313 [359])
2024-08-02 11:26:28,473 [Worker-13: Launching mavenrun-92ef7390-848d-452f-8f9e-e337bde157bd] INFO  o.eclipse.m2e.core.internal.Bundles - 	Entry: D:\Downloads1\sts-4.23.1.RELEASE\plugins\org.eclipse.m2e.maven.runtime_3.9.700.20240602-2313
2024-08-02 11:26:28,475 [Worker-13: Launching mavenrun-92ef7390-848d-452f-8f9e-e337bde157bd] INFO  o.eclipse.m2e.core.internal.Bundles - 	Entry: D:\Downloads1\sts-4.23.1.RELEASE\plugins\org.eclipse.m2e.maven.runtime_3.9.700.20240602-2313\jars\aopalliance-1.0.jar
2024-08-02 11:26:28,476 [Worker-13: Launching mavenrun-92ef7390-848d-452f-8f9e-e337bde157bd] INFO  o.eclipse.m2e.core.internal.Bundles - 	Entry: D:\Downloads1\sts-4.23.1.RELEASE\plugins\org.eclipse.m2e.maven.runtime_3.9.700.20240602-2313\jars\guice-5.1.0.jar
2024-08-02 11:26:28,476 [Worker-13: Launching mavenrun-92ef7390-848d-452f-8f9e-e337bde157bd] INFO  o.eclipse.m2e.core.internal.Bundles - 	Entry: D:\Downloads1\sts-4.23.1.RELEASE\plugins\org.eclipse.m2e.maven.runtime_3.9.700.20240602-2313\jars\httpclient-4.5.14.jar
2024-08-02 11:26:28,476 [Worker-13: Launching mavenrun-92ef7390-848d-452f-8f9e-e337bde157bd] INFO  o.eclipse.m2e.core.internal.Bundles - 	Entry: D:\Downloads1\sts-4.23.1.RELEASE\plugins\org.eclipse.m2e.maven.runtime_3.9.700.20240602-2313\jars\httpcore-4.4.16.jar
2024-08-02 11:26:28,476 [Worker-13: Launching mavenrun-92ef7390-848d-452f-8f9e-e337bde157bd] INFO  o.eclipse.m2e.core.internal.Bundles - 	Entry: D:\Downloads1\sts-4.23.1.RELEASE\plugins\org.eclipse.m2e.maven.runtime_3.9.700.20240602-2313\jars\jansi-2.4.1.jar
2024-08-02 11:26:28,476 [Worker-13: Launching mavenrun-92ef7390-848d-452f-8f9e-e337bde157bd] INFO  o.eclipse.m2e.core.internal.Bundles - 	Entry: D:\Downloads1\sts-4.23.1.RELEASE\plugins\org.eclipse.m2e.maven.runtime_3.9.700.20240602-2313\jars\jcl-over-slf4j-1.7.36.jar
2024-08-02 11:26:28,476 [Worker-13: Launching mavenrun-92ef7390-848d-452f-8f9e-e337bde157bd] INFO  o.eclipse.m2e.core.internal.Bundles - 	Entry: D:\Downloads1\sts-4.23.1.RELEASE\plugins\org.eclipse.m2e.maven.runtime_3.9.700.20240602-2313\jars\maven-artifact-3.9.7.jar
2024-08-02 11:26:28,476 [Worker-13: Launching mavenrun-92ef7390-848d-452f-8f9e-e337bde157bd] INFO  o.eclipse.m2e.core.internal.Bundles - 	Entry: D:\Downloads1\sts-4.23.1.RELEASE\plugins\org.eclipse.m2e.maven.runtime_3.9.700.20240602-2313\jars\maven-builder-support-3.9.7.jar
2024-08-02 11:26:28,476 [Worker-13: Launching mavenrun-92ef7390-848d-452f-8f9e-e337bde157bd] INFO  o.eclipse.m2e.core.internal.Bundles - 	Entry: D:\Downloads1\sts-4.23.1.RELEASE\plugins\org.eclipse.m2e.maven.runtime_3.9.700.20240602-2313\jars\maven-compat-3.9.7.jar
2024-08-02 11:26:28,476 [Worker-13: Launching mavenrun-92ef7390-848d-452f-8f9e-e337bde157bd] INFO  o.eclipse.m2e.core.internal.Bundles - 	Entry: D:\Downloads1\sts-4.23.1.RELEASE\plugins\org.eclipse.m2e.maven.runtime_3.9.700.20240602-2313\jars\maven-core-3.9.7.jar
2024-08-02 11:26:28,477 [Worker-13: Launching mavenrun-92ef7390-848d-452f-8f9e-e337bde157bd] INFO  o.eclipse.m2e.core.internal.Bundles - 	Entry: D:\Downloads1\sts-4.23.1.RELEASE\plugins\org.eclipse.m2e.maven.runtime_3.9.700.20240602-2313\jars\maven-embedder-3.9.7.jar
2024-08-02 11:26:28,477 [Worker-13: Launching mavenrun-92ef7390-848d-452f-8f9e-e337bde157bd] INFO  o.eclipse.m2e.core.internal.Bundles - 	Entry: D:\Downloads1\sts-4.23.1.RELEASE\plugins\org.eclipse.m2e.maven.runtime_3.9.700.20240602-2313\jars\maven-model-3.9.7.jar
2024-08-02 11:26:28,477 [Worker-13: Launching mavenrun-92ef7390-848d-452f-8f9e-e337bde157bd] INFO  o.eclipse.m2e.core.internal.Bundles - 	Entry: D:\Downloads1\sts-4.23.1.RELEASE\plugins\org.eclipse.m2e.maven.runtime_3.9.700.20240602-2313\jars\maven-model-builder-3.9.7.jar
2024-08-02 11:26:28,477 [Worker-13: Launching mavenrun-92ef7390-848d-452f-8f9e-e337bde157bd] INFO  o.eclipse.m2e.core.internal.Bundles - 	Entry: D:\Downloads1\sts-4.23.1.RELEASE\plugins\org.eclipse.m2e.maven.runtime_3.9.700.20240602-2313\jars\maven-plugin-api-3.9.7.jar
2024-08-02 11:26:28,477 [Worker-13: Launching mavenrun-92ef7390-848d-452f-8f9e-e337bde157bd] INFO  o.eclipse.m2e.core.internal.Bundles - 	Entry: D:\Downloads1\sts-4.23.1.RELEASE\plugins\org.eclipse.m2e.maven.runtime_3.9.700.20240602-2313\jars\maven-repository-metadata-3.9.7.jar
2024-08-02 11:26:28,477 [Worker-13: Launching mavenrun-92ef7390-848d-452f-8f9e-e337bde157bd] INFO  o.eclipse.m2e.core.internal.Bundles - 	Entry: D:\Downloads1\sts-4.23.1.RELEASE\plugins\org.eclipse.m2e.maven.runtime_3.9.700.20240602-2313\jars\maven-resolver-api-1.9.20.jar
2024-08-02 11:26:28,477 [Worker-13: Launching mavenrun-92ef7390-848d-452f-8f9e-e337bde157bd] INFO  o.eclipse.m2e.core.internal.Bundles - 	Entry: D:\Downloads1\sts-4.23.1.RELEASE\plugins\org.eclipse.m2e.maven.runtime_3.9.700.20240602-2313\jars\maven-resolver-connector-basic-1.9.20.jar
2024-08-02 11:26:28,478 [Worker-13: Launching mavenrun-92ef7390-848d-452f-8f9e-e337bde157bd] INFO  o.eclipse.m2e.core.internal.Bundles - 	Entry: D:\Downloads1\sts-4.23.1.RELEASE\plugins\org.eclipse.m2e.maven.runtime_3.9.700.20240602-2313\jars\maven-resolver-impl-1.9.20.jar
2024-08-02 11:26:28,478 [Worker-13: Launching mavenrun-92ef7390-848d-452f-8f9e-e337bde157bd] INFO  o.eclipse.m2e.core.internal.Bundles - 	Entry: D:\Downloads1\sts-4.23.1.RELEASE\plugins\org.eclipse.m2e.maven.runtime_3.9.700.20240602-2313\jars\maven-resolver-named-locks-1.9.20.jar
2024-08-02 11:26:28,478 [Worker-13: Launching mavenrun-92ef7390-848d-452f-8f9e-e337bde157bd] INFO  o.eclipse.m2e.core.internal.Bundles - 	Entry: D:\Downloads1\sts-4.23.1.RELEASE\plugins\org.eclipse.m2e.maven.runtime_3.9.700.20240602-2313\jars\maven-resolver-provider-3.9.7.jar
2024-08-02 11:26:28,478 [Worker-13: Launching mavenrun-92ef7390-848d-452f-8f9e-e337bde157bd] INFO  o.eclipse.m2e.core.internal.Bundles - 	Entry: D:\Downloads1\sts-4.23.1.RELEASE\plugins\org.eclipse.m2e.maven.runtime_3.9.700.20240602-2313\jars\maven-resolver-spi-1.9.20.jar
2024-08-02 11:26:28,478 [Worker-13: Launching mavenrun-92ef7390-848d-452f-8f9e-e337bde157bd] INFO  o.eclipse.m2e.core.internal.Bundles - 	Entry: D:\Downloads1\sts-4.23.1.RELEASE\plugins\org.eclipse.m2e.maven.runtime_3.9.700.20240602-2313\jars\maven-resolver-transport-file-1.9.20.jar
2024-08-02 11:26:28,479 [Worker-13: Launching mavenrun-92ef7390-848d-452f-8f9e-e337bde157bd] INFO  o.eclipse.m2e.core.internal.Bundles - 	Entry: D:\Downloads1\sts-4.23.1.RELEASE\plugins\org.eclipse.m2e.maven.runtime_3.9.700.20240602-2313\jars\maven-resolver-transport-http-1.9.20.jar
2024-08-02 11:26:28,479 [Worker-13: Launching mavenrun-92ef7390-848d-452f-8f9e-e337bde157bd] INFO  o.eclipse.m2e.core.internal.Bundles - 	Entry: D:\Downloads1\sts-4.23.1.RELEASE\plugins\org.eclipse.m2e.maven.runtime_3.9.700.20240602-2313\jars\maven-resolver-transport-wagon-1.9.20.jar
2024-08-02 11:26:28,479 [Worker-13: Launching mavenrun-92ef7390-848d-452f-8f9e-e337bde157bd] INFO  o.eclipse.m2e.core.internal.Bundles - 	Entry: D:\Downloads1\sts-4.23.1.RELEASE\plugins\org.eclipse.m2e.maven.runtime_3.9.700.20240602-2313\jars\maven-resolver-util-1.9.20.jar
2024-08-02 11:26:28,479 [Worker-13: Launching mavenrun-92ef7390-848d-452f-8f9e-e337bde157bd] INFO  o.eclipse.m2e.core.internal.Bundles - 	Entry: D:\Downloads1\sts-4.23.1.RELEASE\plugins\org.eclipse.m2e.maven.runtime_3.9.700.20240602-2313\jars\maven-settings-3.9.7.jar
2024-08-02 11:26:28,479 [Worker-13: Launching mavenrun-92ef7390-848d-452f-8f9e-e337bde157bd] INFO  o.eclipse.m2e.core.internal.Bundles - 	Entry: D:\Downloads1\sts-4.23.1.RELEASE\plugins\org.eclipse.m2e.maven.runtime_3.9.700.20240602-2313\jars\maven-settings-builder-3.9.7.jar
2024-08-02 11:26:28,479 [Worker-13: Launching mavenrun-92ef7390-848d-452f-8f9e-e337bde157bd] INFO  o.eclipse.m2e.core.internal.Bundles - 	Entry: D:\Downloads1\sts-4.23.1.RELEASE\plugins\org.eclipse.m2e.maven.runtime_3.9.700.20240602-2313\jars\maven-shared-utils-3.4.2.jar
2024-08-02 11:26:28,479 [Worker-13: Launching mavenrun-92ef7390-848d-452f-8f9e-e337bde157bd] INFO  o.eclipse.m2e.core.internal.Bundles - 	Entry: D:\Downloads1\sts-4.23.1.RELEASE\plugins\org.eclipse.m2e.maven.runtime_3.9.700.20240602-2313\jars\org.eclipse.sisu.inject-0.9.0.M2.jar
2024-08-02 11:26:28,480 [Worker-13: Launching mavenrun-92ef7390-848d-452f-8f9e-e337bde157bd] INFO  o.eclipse.m2e.core.internal.Bundles - 	Entry: D:\Downloads1\sts-4.23.1.RELEASE\plugins\org.eclipse.m2e.maven.runtime_3.9.700.20240602-2313\jars\org.eclipse.sisu.plexus-0.9.0.M2.jar
2024-08-02 11:26:28,480 [Worker-13: Launching mavenrun-92ef7390-848d-452f-8f9e-e337bde157bd] INFO  o.eclipse.m2e.core.internal.Bundles - 	Entry: D:\Downloads1\sts-4.23.1.RELEASE\plugins\org.eclipse.m2e.maven.runtime_3.9.700.20240602-2313\jars\plexus-build-api-0.0.7.jar
2024-08-02 11:26:28,480 [Worker-13: Launching mavenrun-92ef7390-848d-452f-8f9e-e337bde157bd] INFO  o.eclipse.m2e.core.internal.Bundles - 	Entry: D:\Downloads1\sts-4.23.1.RELEASE\plugins\org.eclipse.m2e.maven.runtime_3.9.700.20240602-2313\jars\plexus-build-api-1.2.0.jar
2024-08-02 11:26:28,480 [Worker-13: Launching mavenrun-92ef7390-848d-452f-8f9e-e337bde157bd] INFO  o.eclipse.m2e.core.internal.Bundles - 	Entry: D:\Downloads1\sts-4.23.1.RELEASE\plugins\org.eclipse.m2e.maven.runtime_3.9.700.20240602-2313\jars\plexus-cipher-2.0.jar
2024-08-02 11:26:28,480 [Worker-13: Launching mavenrun-92ef7390-848d-452f-8f9e-e337bde157bd] INFO  o.eclipse.m2e.core.internal.Bundles - 	Entry: D:\Downloads1\sts-4.23.1.RELEASE\plugins\org.eclipse.m2e.maven.runtime_3.9.700.20240602-2313\jars\plexus-classworlds-2.8.0.jar
2024-08-02 11:26:28,480 [Worker-13: Launching mavenrun-92ef7390-848d-452f-8f9e-e337bde157bd] INFO  o.eclipse.m2e.core.internal.Bundles - 	Entry: D:\Downloads1\sts-4.23.1.RELEASE\plugins\org.eclipse.m2e.maven.runtime_3.9.700.20240602-2313\jars\plexus-component-annotations-2.1.0.jar
2024-08-02 11:26:28,480 [Worker-13: Launching mavenrun-92ef7390-848d-452f-8f9e-e337bde157bd] INFO  o.eclipse.m2e.core.internal.Bundles - 	Entry: D:\Downloads1\sts-4.23.1.RELEASE\plugins\org.eclipse.m2e.maven.runtime_3.9.700.20240602-2313\jars\plexus-interpolation-1.27.jar
2024-08-02 11:26:28,480 [Worker-13: Launching mavenrun-92ef7390-848d-452f-8f9e-e337bde157bd] INFO  o.eclipse.m2e.core.internal.Bundles - 	Entry: D:\Downloads1\sts-4.23.1.RELEASE\plugins\org.eclipse.m2e.maven.runtime_3.9.700.20240602-2313\jars\plexus-sec-dispatcher-2.0.jar
2024-08-02 11:26:28,480 [Worker-13: Launching mavenrun-92ef7390-848d-452f-8f9e-e337bde157bd] INFO  o.eclipse.m2e.core.internal.Bundles - 	Entry: D:\Downloads1\sts-4.23.1.RELEASE\plugins\org.eclipse.m2e.maven.runtime_3.9.700.20240602-2313\jars\plexus-utils-3.5.1.jar
2024-08-02 11:26:28,480 [Worker-13: Launching mavenrun-92ef7390-848d-452f-8f9e-e337bde157bd] INFO  o.eclipse.m2e.core.internal.Bundles - 	Entry: D:\Downloads1\sts-4.23.1.RELEASE\plugins\org.eclipse.m2e.maven.runtime_3.9.700.20240602-2313\jars\wagon-file-3.5.3.jar
2024-08-02 11:26:28,480 [Worker-13: Launching mavenrun-92ef7390-848d-452f-8f9e-e337bde157bd] INFO  o.eclipse.m2e.core.internal.Bundles - 	Entry: D:\Downloads1\sts-4.23.1.RELEASE\plugins\org.eclipse.m2e.maven.runtime_3.9.700.20240602-2313\jars\wagon-http-3.5.3.jar
2024-08-02 11:26:28,481 [Worker-13: Launching mavenrun-92ef7390-848d-452f-8f9e-e337bde157bd] INFO  o.eclipse.m2e.core.internal.Bundles - 	Entry: D:\Downloads1\sts-4.23.1.RELEASE\plugins\org.eclipse.m2e.maven.runtime_3.9.700.20240602-2313\jars\wagon-http-shared-3.5.3.jar
2024-08-02 11:26:28,481 [Worker-13: Launching mavenrun-92ef7390-848d-452f-8f9e-e337bde157bd] INFO  o.eclipse.m2e.core.internal.Bundles - 	Entry: D:\Downloads1\sts-4.23.1.RELEASE\plugins\org.eclipse.m2e.maven.runtime_3.9.700.20240602-2313\jars\wagon-provider-api-3.5.3.jar
2024-08-02 11:26:28,481 [Worker-13: Launching mavenrun-92ef7390-848d-452f-8f9e-e337bde157bd] INFO  o.eclipse.m2e.core.internal.Bundles - getClasspathEntries(Bundle=com.google.guava_33.2.0.jre [29])
2024-08-02 11:26:28,482 [Worker-13: Launching mavenrun-92ef7390-848d-452f-8f9e-e337bde157bd] INFO  o.eclipse.m2e.core.internal.Bundles - 	Entry: D:\Downloads1\sts-4.23.1.RELEASE\plugins\com.google.guava_33.2.0.jre.jar
2024-08-02 11:26:28,482 [Worker-13: Launching mavenrun-92ef7390-848d-452f-8f9e-e337bde157bd] INFO  o.eclipse.m2e.core.internal.Bundles - getClasspathEntries(Bundle=slf4j.api_2.0.13 [592])
2024-08-02 11:26:28,483 [Worker-13: Launching mavenrun-92ef7390-848d-452f-8f9e-e337bde157bd] INFO  o.eclipse.m2e.core.internal.Bundles - 	Entry: D:\Downloads1\sts-4.23.1.RELEASE\plugins\slf4j.api_2.0.13.jar
2024-08-02 11:26:28,483 [Worker-13: Launching mavenrun-92ef7390-848d-452f-8f9e-e337bde157bd] INFO  o.eclipse.m2e.core.internal.Bundles - getClasspathEntries(Bundle=jakarta.inject.jakarta.inject-api_1.0.5 [44])
2024-08-02 11:26:28,483 [Worker-13: Launching mavenrun-92ef7390-848d-452f-8f9e-e337bde157bd] INFO  o.eclipse.m2e.core.internal.Bundles - 	Entry: D:\Downloads1\sts-4.23.1.RELEASE\plugins\jakarta.inject.jakarta.inject-api_1.0.5.jar
2024-08-02 11:26:28,483 [Worker-13: Launching mavenrun-92ef7390-848d-452f-8f9e-e337bde157bd] INFO  o.eclipse.m2e.core.internal.Bundles - getClasspathEntries(Bundle=javax.annotation_1.3.5.v20200909-1856 [53])
2024-08-02 11:26:28,483 [Worker-13: Launching mavenrun-92ef7390-848d-452f-8f9e-e337bde157bd] INFO  o.eclipse.m2e.core.internal.Bundles - 	Entry: D:\Downloads1\sts-4.23.1.RELEASE\plugins\javax.annotation_1.3.5.v20200909-1856.jar
2024-08-02 11:26:28,483 [Worker-13: Launching mavenrun-92ef7390-848d-452f-8f9e-e337bde157bd] INFO  o.eclipse.m2e.core.internal.Bundles - getClasspathEntries(Bundle=org.apache.commons.cli_1.8.0 [76])
2024-08-02 11:26:28,484 [Worker-13: Launching mavenrun-92ef7390-848d-452f-8f9e-e337bde157bd] INFO  o.eclipse.m2e.core.internal.Bundles - 	Entry: D:\Downloads1\sts-4.23.1.RELEASE\plugins\org.apache.commons.cli_1.8.0.jar
2024-08-02 11:26:28,484 [Worker-13: Launching mavenrun-92ef7390-848d-452f-8f9e-e337bde157bd] INFO  o.eclipse.m2e.core.internal.Bundles - getClasspathEntries(Bundle=org.apache.commons.commons-codec_1.16.0 [78])
2024-08-02 11:26:28,484 [Worker-13: Launching mavenrun-92ef7390-848d-452f-8f9e-e337bde157bd] INFO  o.eclipse.m2e.core.internal.Bundles - 	Entry: D:\Downloads1\sts-4.23.1.RELEASE\plugins\org.apache.commons.commons-codec_1.16.0.jar
2024-08-02 11:26:28,484 [Worker-13: Launching mavenrun-92ef7390-848d-452f-8f9e-e337bde157bd] INFO  o.eclipse.m2e.core.internal.Bundles - getClasspathEntries(Bundle=org.apache.commons.lang3_3.14.0 [82])
2024-08-02 11:26:28,485 [Worker-13: Launching mavenrun-92ef7390-848d-452f-8f9e-e337bde157bd] INFO  o.eclipse.m2e.core.internal.Bundles - 	Entry: D:\Downloads1\sts-4.23.1.RELEASE\plugins\org.apache.commons.lang3_3.14.0.jar
2024-08-02 11:26:28,485 [Worker-13: Launching mavenrun-92ef7390-848d-452f-8f9e-e337bde157bd] INFO  o.eclipse.m2e.core.internal.Bundles - getClasspathEntries(Bundle=com.google.guava.failureaccess_1.0.2 [30])
2024-08-02 11:26:28,485 [Worker-13: Launching mavenrun-92ef7390-848d-452f-8f9e-e337bde157bd] INFO  o.eclipse.m2e.core.internal.Bundles - 	Entry: D:\Downloads1\sts-4.23.1.RELEASE\plugins\com.google.guava.failureaccess_1.0.2.jar
2024-08-02 11:26:28,486 [Worker-13: Launching mavenrun-92ef7390-848d-452f-8f9e-e337bde157bd] INFO  o.e.m.i.launch.MavenLaunchDelegate - Run build in "C:\Users\doras\AppData\Local\Temp\m2e-archetypeGenerator7567611399582120319":
2024-08-02 11:26:28,487 [Worker-13: Launching mavenrun-92ef7390-848d-452f-8f9e-e337bde157bd] INFO  o.e.m.i.launch.MavenLaunchDelegate -  mvn  -DarchetypeGroupId=org.apache.maven.archetypes -DarchetypeArtifactId=maven-archetype-quickstart -DarchetypeVersion=1.1 -DgroupId=com.dora -DartifactId=Marshelling -Dversion=0.0.1-SNAPSHOT -Dpackage=com.dora.Marshelling -DoutputDirectory=D:\SoftwareArchitect\MarshellingUnMarshelling -Dstyle.color=always -U archetype:generate
2024-08-05 14:33:32,308 [Worker-1: Loading available Gradle versions] INFO  o.e.b.c.i.u.g.PublishedGradleVersions - Gradle version information cache is out-of-date. Trying to update.
2024-08-05 16:55:21,571 [Worker-13: Import Getting Started Content] INFO  o.e.m.c.i.l.LifecycleMappingFactory - Using org.eclipse.m2e.jdt.JarLifecycleMapping lifecycle mapping for MavenProject: com.example:RESTDemo:0.0.1-SNAPSHOT @ D:\SoftwareArchitect\MarshellingUnMarshelling\RESTDemo\pom.xml.
2024-08-05 16:55:26,162 [Worker-13: Import Getting Started Content] INFO  o.e.m.j.i.AbstractJavaProjectConfigurator - Adding source folder /RESTDemo/src/main/java
2024-08-05 16:55:26,164 [Worker-13: Import Getting Started Content] INFO  o.e.m.j.i.AbstractJavaProjectConfigurator - Adding resource folder /RESTDemo/src/main/resources
2024-08-05 16:55:26,175 [Worker-13: Import Getting Started Content] INFO  o.e.m.j.i.AbstractJavaProjectConfigurator - Adding resource folder /RESTDemo/src/main/resources
2024-08-05 16:55:26,186 [Worker-13: Import Getting Started Content] INFO  o.e.m.j.i.AbstractJavaProjectConfigurator - Adding source folder /RESTDemo/src/test/java
2024-08-05 16:55:26,187 [Worker-13: Import Getting Started Content] INFO  o.e.m.j.i.AbstractJavaProjectConfigurator - Adding resource folder /RESTDemo/src/test/resources
2024-08-05 16:55:28,022 [Worker-13: Import Getting Started Content] INFO  o.e.m.c.i.p.ProjectConfigurationManager - Imported and configured 1 project(s) in 12 sec
2024-08-05 16:55:28,027 [Worker-13: Import Getting Started Content] INFO  o.e.m.c.i.p.ProjectConfigurationManager - Update started
2024-08-05 16:55:28,456 [Worker-13: Import Getting Started Content] INFO  o.e.m.c.i.l.LifecycleMappingFactory - Using org.eclipse.m2e.jdt.JarLifecycleMapping lifecycle mapping for MavenProject: com.example:RESTDemo:0.0.1-SNAPSHOT @ D:\SoftwareArchitect\MarshellingUnMarshelling\RESTDemo\pom.xml.
2024-08-05 16:55:29,039 [Worker-13: Import Getting Started Content] INFO  o.e.m.j.i.AbstractJavaProjectConfigurator - Adding source folder /RESTDemo/src/main/java
2024-08-05 16:55:29,040 [Worker-13: Import Getting Started Content] INFO  o.e.m.j.i.AbstractJavaProjectConfigurator - Adding resource folder /RESTDemo/src/main/resources
2024-08-05 16:55:29,041 [Worker-13: Import Getting Started Content] INFO  o.e.m.j.i.AbstractJavaProjectConfigurator - Adding resource folder /RESTDemo/src/main/resources
2024-08-05 16:55:29,042 [Worker-13: Import Getting Started Content] INFO  o.e.m.j.i.AbstractJavaProjectConfigurator - Adding source folder /RESTDemo/src/test/java
2024-08-05 16:55:29,043 [Worker-13: Import Getting Started Content] INFO  o.e.m.j.i.AbstractJavaProjectConfigurator - Adding resource folder /RESTDemo/src/test/resources
2024-08-05 16:55:30,063 [Worker-13: Import Getting Started Content] INFO  o.e.m.c.i.p.ProjectConfigurationManager - Update completed for 1 poms: local refresh takes 0.00 sec, refresh facades takes 0.00 sec, update config takes 0.00 sec 
2024-08-05 16:55:31,745 [Worker-17: Building] INFO  o.a.m.s.f.DefaultMavenResourcesFiltering - Copying 1 resource from src\main\resources to target\classes
2024-08-05 16:55:31,777 [Worker-17: Building] INFO  o.a.m.s.f.DefaultMavenResourcesFiltering - Copying 0 resource from src\main\resources to target\classes
2024-08-05 16:55:31,786 [Worker-17: Building] INFO  o.a.m.s.f.DefaultMavenResourcesFiltering - skip non existing resourceDirectory D:\SoftwareArchitect\MarshellingUnMarshelling\RESTDemo\src\test\resources
2024-08-05 17:03:11,394 [Worker-17: Building] INFO  o.e.m.c.i.e.AbstractTransferListenerAdapter - Downloading https://repo.maven.apache.org/maven2/com/fasterxml/jackson/dataformat/jackson-dataformat-xml/2.15.4/jackson-dataformat-xml-2.15.4.pom
2024-08-05 17:03:11,444 [Worker-17: Building] INFO  o.e.m.c.i.e.AbstractTransferListenerAdapter - Downloaded https://repo.maven.apache.org/maven2/com/fasterxml/jackson/dataformat/jackson-dataformat-xml/2.15.4/jackson-dataformat-xml-2.15.4.pom
2024-08-05 17:03:12,294 [Worker-17: Building] INFO  o.e.m.c.i.e.AbstractTransferListenerAdapter - Downloading https://repo.maven.apache.org/maven2/org/codehaus/woodstox/stax2-api/4.2.1/stax2-api-4.2.1.pom
2024-08-05 17:03:12,325 [Worker-17: Building] INFO  o.e.m.c.i.e.AbstractTransferListenerAdapter - Downloaded https://repo.maven.apache.org/maven2/org/codehaus/woodstox/stax2-api/4.2.1/stax2-api-4.2.1.pom
2024-08-05 17:03:12,527 [Worker-17: Building] INFO  o.e.m.c.i.e.AbstractTransferListenerAdapter - Downloading https://repo.maven.apache.org/maven2/com/fasterxml/woodstox/woodstox-core/6.5.1/woodstox-core-6.5.1.pom
2024-08-05 17:03:12,686 [Worker-17: Building] INFO  o.e.m.c.i.e.AbstractTransferListenerAdapter - Downloaded https://repo.maven.apache.org/maven2/com/fasterxml/woodstox/woodstox-core/6.5.1/woodstox-core-6.5.1.pom
2024-08-05 17:03:33,142 [Worker-17: Building] INFO  o.e.m.c.i.e.AbstractTransferListenerAdapter - Downloading https://repo.maven.apache.org/maven2/com/fasterxml/jackson/dataformat/jackson-dataformat-xml/2.15.4/jackson-dataformat-xml-2.15.4.jar
2024-08-05 17:03:41,527 [Worker-17: Building] INFO  o.e.m.c.i.e.AbstractTransferListenerAdapter - Downloaded https://repo.maven.apache.org/maven2/com/fasterxml/jackson/dataformat/jackson-dataformat-xml/2.15.4/jackson-dataformat-xml-2.15.4.jar
2024-08-05 17:03:41,714 [BasicRepositoryConnector-repo.maven.apache.org-0-1] INFO  o.e.m.c.i.e.AbstractTransferListenerAdapter - Downloading https://repo.maven.apache.org/maven2/com/fasterxml/woodstox/woodstox-core/6.5.1/woodstox-core-6.5.1.jar
2024-08-05 17:03:41,912 [BasicRepositoryConnector-repo.maven.apache.org-0-0] INFO  o.e.m.c.i.e.AbstractTransferListenerAdapter - Downloading https://repo.maven.apache.org/maven2/org/codehaus/woodstox/stax2-api/4.2.1/stax2-api-4.2.1.jar
2024-08-05 17:03:45,971 [BasicRepositoryConnector-repo.maven.apache.org-0-0] INFO  o.e.m.c.i.e.AbstractTransferListenerAdapter - Downloaded https://repo.maven.apache.org/maven2/org/codehaus/woodstox/stax2-api/4.2.1/stax2-api-4.2.1.jar
2024-08-05 17:05:01,237 [BasicRepositoryConnector-repo.maven.apache.org-0-1] INFO  o.e.m.c.i.e.AbstractTransferListenerAdapter - Downloaded https://repo.maven.apache.org/maven2/com/fasterxml/woodstox/woodstox-core/6.5.1/woodstox-core-6.5.1.jar
2024-08-05 17:05:03,577 [Worker-17: Building] INFO  o.e.m.c.i.l.LifecycleMappingFactory - Using org.eclipse.m2e.jdt.JarLifecycleMapping lifecycle mapping for MavenProject: com.pro:RestfulDemo-2:0.0.1-SNAPSHOT @ D:\SoftwareArchitect\MarshellingUnMarshelling\RESTDemo\pom.xml.
2024-08-05 17:05:04,600 [Worker-17: Building] INFO  o.a.m.s.f.DefaultMavenResourcesFiltering - Copying 0 resource from src\main\resources to target\classes
2024-08-05 17:05:04,603 [Worker-17: Building] INFO  o.a.m.s.f.DefaultMavenResourcesFiltering - Copying 0 resource from src\main\resources to target\classes
2024-08-05 17:05:04,613 [Worker-17: Building] INFO  o.a.m.s.f.DefaultMavenResourcesFiltering - skip non existing resourceDirectory D:\SoftwareArchitect\MarshellingUnMarshelling\RESTDemo\src\test\resources
2024-08-05 17:05:05,316 [Worker-21: Download sources and javadoc] INFO  o.e.m.c.i.e.AbstractTransferListenerAdapter - Downloading https://repo.maven.apache.org/maven2/com/fasterxml/jackson/dataformat/jackson-dataformat-xml/2.15.4/jackson-dataformat-xml-2.15.4-sources.jar
2024-08-05 17:05:06,526 [Worker-23: Updating Maven Project] INFO  o.e.m.c.i.p.ProjectConfigurationManager - Update started
2024-08-05 17:05:07,406 [Worker-23: Updating Maven Project] INFO  o.e.m.c.i.l.LifecycleMappingFactory - Using org.eclipse.m2e.jdt.JarLifecycleMapping lifecycle mapping for MavenProject: com.pro:RestfulDemo-2:0.0.1-SNAPSHOT @ D:\SoftwareArchitect\MarshellingUnMarshelling\RESTDemo\pom.xml.
2024-08-05 17:05:07,636 [Worker-21: Download sources and javadoc] INFO  o.e.m.c.i.e.AbstractTransferListenerAdapter - Downloaded https://repo.maven.apache.org/maven2/com/fasterxml/jackson/dataformat/jackson-dataformat-xml/2.15.4/jackson-dataformat-xml-2.15.4-sources.jar
2024-08-05 17:05:07,648 [Worker-21: Download sources and javadoc] INFO  o.e.m.j.internal.DownloadSourcesJob - Downloaded sources for com.fasterxml.jackson.dataformat:jackson-dataformat-xml:2.15.4
2024-08-05 17:05:07,825 [Worker-21: Download sources and javadoc] INFO  o.e.m.c.i.e.AbstractTransferListenerAdapter - Downloading https://repo.maven.apache.org/maven2/org/codehaus/woodstox/stax2-api/4.2.1/stax2-api-4.2.1-sources.jar
2024-08-05 17:05:08,539 [Worker-23: Updating Maven Project] INFO  o.e.m.j.i.AbstractJavaProjectConfigurator - Adding source folder /RESTDemo/src/main/java
2024-08-05 17:05:08,540 [Worker-23: Updating Maven Project] INFO  o.e.m.j.i.AbstractJavaProjectConfigurator - Adding resource folder /RESTDemo/src/main/resources
2024-08-05 17:05:08,542 [Worker-23: Updating Maven Project] INFO  o.e.m.j.i.AbstractJavaProjectConfigurator - Adding resource folder /RESTDemo/src/main/resources
2024-08-05 17:05:08,542 [Worker-23: Updating Maven Project] INFO  o.e.m.j.i.AbstractJavaProjectConfigurator - Adding source folder /RESTDemo/src/test/java
2024-08-05 17:05:08,543 [Worker-23: Updating Maven Project] INFO  o.e.m.j.i.AbstractJavaProjectConfigurator - Adding resource folder /RESTDemo/src/test/resources
2024-08-05 17:05:09,116 [Worker-23: Updating Maven Project] INFO  o.e.m.c.i.p.ProjectConfigurationManager - Update completed for 1 poms: local refresh takes 0.00 sec, refresh facades takes 1.00 sec, update config takes 0.00 sec 
2024-08-05 17:05:10,007 [Worker-22: Building] INFO  o.a.m.s.f.DefaultMavenResourcesFiltering - Copying 1 resource from src\main\resources to target\classes
2024-08-05 17:05:10,036 [Worker-22: Building] INFO  o.a.m.s.f.DefaultMavenResourcesFiltering - Copying 0 resource from src\main\resources to target\classes
2024-08-05 17:05:10,046 [Worker-22: Building] INFO  o.a.m.s.f.DefaultMavenResourcesFiltering - skip non existing resourceDirectory D:\SoftwareArchitect\MarshellingUnMarshelling\RESTDemo\src\test\resources
2024-08-05 17:05:10,538 [Worker-21: Download sources and javadoc] INFO  o.e.m.c.i.e.AbstractTransferListenerAdapter - Downloaded https://repo.maven.apache.org/maven2/org/codehaus/woodstox/stax2-api/4.2.1/stax2-api-4.2.1-sources.jar
2024-08-05 17:05:10,545 [Worker-21: Download sources and javadoc] INFO  o.e.m.j.internal.DownloadSourcesJob - Downloaded sources for org.codehaus.woodstox:stax2-api:4.2.1
2024-08-05 17:05:11,084 [Worker-21: Download sources and javadoc] INFO  o.e.m.c.i.e.AbstractTransferListenerAdapter - Downloading https://repo.maven.apache.org/maven2/com/fasterxml/woodstox/woodstox-core/6.5.1/woodstox-core-6.5.1-sources.jar
2024-08-05 17:05:17,747 [Worker-21: Download sources and javadoc] INFO  o.e.m.c.i.e.AbstractTransferListenerAdapter - Downloaded https://repo.maven.apache.org/maven2/com/fasterxml/woodstox/woodstox-core/6.5.1/woodstox-core-6.5.1-sources.jar
2024-08-05 17:05:17,752 [Worker-21: Download sources and javadoc] INFO  o.e.m.j.internal.DownloadSourcesJob - Downloaded sources for com.fasterxml.woodstox:woodstox-core:6.5.1
2024-08-05 17:11:43,330 [Worker-26: Building] INFO  o.a.m.s.f.DefaultMavenResourcesFiltering - Copying 1 resource from src\main\resources to target\classes
2024-08-05 17:11:43,622 [Worker-26: Building] INFO  o.a.m.s.f.DefaultMavenResourcesFiltering - Copying 0 resource from src\main\resources to target\classes
2024-08-05 17:11:43,634 [Worker-26: Building] INFO  o.a.m.s.f.DefaultMavenResourcesFiltering - skip non existing resourceDirectory D:\SoftwareArchitect\MarshellingUnMarshelling\RESTDemo\src\test\resources
2024-08-05 17:12:32,631 [Worker-28: Updating Maven Project] INFO  o.e.m.c.i.p.ProjectConfigurationManager - Update started
2024-08-05 17:12:33,396 [Worker-28: Updating Maven Project] INFO  o.e.m.c.i.l.LifecycleMappingFactory - Using org.eclipse.m2e.jdt.JarLifecycleMapping lifecycle mapping for MavenProject: com.pro:RestfulDemo-2:0.0.1-SNAPSHOT @ D:\SoftwareArchitect\MarshellingUnMarshelling\RESTDemo\pom.xml.
2024-08-05 17:12:34,245 [Worker-28: Updating Maven Project] INFO  o.e.m.j.i.AbstractJavaProjectConfigurator - Adding source folder /RESTDemo/src/main/java
2024-08-05 17:12:34,246 [Worker-28: Updating Maven Project] INFO  o.e.m.j.i.AbstractJavaProjectConfigurator - Adding resource folder /RESTDemo/src/main/resources
2024-08-05 17:12:34,246 [Worker-28: Updating Maven Project] INFO  o.e.m.j.i.AbstractJavaProjectConfigurator - Adding resource folder /RESTDemo/src/main/resources
2024-08-05 17:12:34,246 [Worker-28: Updating Maven Project] INFO  o.e.m.j.i.AbstractJavaProjectConfigurator - Adding source folder /RESTDemo/src/test/java
2024-08-05 17:12:34,246 [Worker-28: Updating Maven Project] INFO  o.e.m.j.i.AbstractJavaProjectConfigurator - Adding resource folder /RESTDemo/src/test/resources
2024-08-05 17:12:34,703 [Worker-28: Updating Maven Project] INFO  o.e.m.c.i.p.ProjectConfigurationManager - Update completed for 1 poms: local refresh takes 0.00 sec, refresh facades takes 1.00 sec, update config takes 0.00 sec 
2024-08-05 17:12:35,206 [Worker-28: Building] INFO  o.a.m.s.f.DefaultMavenResourcesFiltering - Copying 1 resource from src\main\resources to target\classes
2024-08-05 17:12:35,233 [Worker-28: Building] INFO  o.a.m.s.f.DefaultMavenResourcesFiltering - Copying 0 resource from src\main\resources to target\classes
2024-08-05 17:12:35,244 [Worker-28: Building] INFO  o.a.m.s.f.DefaultMavenResourcesFiltering - skip non existing resourceDirectory D:\SoftwareArchitect\MarshellingUnMarshelling\RESTDemo\src\test\resources
2024-08-05 17:12:49,659 [Worker-17: Updating Maven Project] INFO  o.e.m.c.i.p.ProjectConfigurationManager - Update started
2024-08-05 17:12:50,222 [Worker-17: Updating Maven Project] INFO  o.e.m.c.i.l.LifecycleMappingFactory - Using org.eclipse.m2e.jdt.JarLifecycleMapping lifecycle mapping for MavenProject: com.pro:RestfulDemo-2:0.0.1-SNAPSHOT @ D:\SoftwareArchitect\MarshellingUnMarshelling\RESTDemo\pom.xml.
2024-08-05 17:12:51,013 [Worker-17: Updating Maven Project] INFO  o.e.m.j.i.AbstractJavaProjectConfigurator - Adding source folder /RESTDemo/src/main/java
2024-08-05 17:12:51,013 [Worker-17: Updating Maven Project] INFO  o.e.m.j.i.AbstractJavaProjectConfigurator - Adding resource folder /RESTDemo/src/main/resources
2024-08-05 17:12:51,014 [Worker-17: Updating Maven Project] INFO  o.e.m.j.i.AbstractJavaProjectConfigurator - Adding resource folder /RESTDemo/src/main/resources
2024-08-05 17:12:51,014 [Worker-17: Updating Maven Project] INFO  o.e.m.j.i.AbstractJavaProjectConfigurator - Adding source folder /RESTDemo/src/test/java
2024-08-05 17:12:51,015 [Worker-17: Updating Maven Project] INFO  o.e.m.j.i.AbstractJavaProjectConfigurator - Adding resource folder /RESTDemo/src/test/resources
2024-08-05 17:12:51,531 [Worker-17: Updating Maven Project] INFO  o.e.m.c.i.p.ProjectConfigurationManager - Update completed for 1 poms: local refresh takes 0.00 sec, refresh facades takes 1.00 sec, update config takes 0.00 sec 
2024-08-05 17:12:52,310 [Worker-17: Building] INFO  o.a.m.s.f.DefaultMavenResourcesFiltering - Copying 1 resource from src\main\resources to target\classes
2024-08-05 17:12:52,331 [Worker-17: Building] INFO  o.a.m.s.f.DefaultMavenResourcesFiltering - Copying 0 resource from src\main\resources to target\classes
2024-08-05 17:12:52,345 [Worker-17: Building] INFO  o.a.m.s.f.DefaultMavenResourcesFiltering - skip non existing resourceDirectory D:\SoftwareArchitect\MarshellingUnMarshelling\RESTDemo\src\test\resources
2024-08-05 17:13:05,025 [Worker-29: Building] INFO  o.a.m.s.f.DefaultMavenResourcesFiltering - Copying 1 resource from src\main\resources to target\classes
2024-08-05 17:13:05,033 [Worker-29: Building] INFO  o.a.m.s.f.DefaultMavenResourcesFiltering - Copying 0 resource from src\main\resources to target\classes
2024-08-05 17:13:05,038 [Worker-29: Building] INFO  o.a.m.s.f.DefaultMavenResourcesFiltering - skip non existing resourceDirectory D:\SoftwareArchitect\MarshellingUnMarshelling\RESTDemo\src\test\resources
2024-08-05 17:13:59,317 [Worker-29: Building] INFO  o.a.m.s.f.DefaultMavenResourcesFiltering - Copying 1 resource from src\main\resources to target\classes
2024-08-05 17:13:59,332 [Worker-29: Building] INFO  o.a.m.s.f.DefaultMavenResourcesFiltering - Copying 0 resource from src\main\resources to target\classes
2024-08-05 17:13:59,336 [Worker-29: Building] INFO  o.a.m.s.f.DefaultMavenResourcesFiltering - skip non existing resourceDirectory D:\SoftwareArchitect\MarshellingUnMarshelling\RESTDemo\src\test\resources
2024-08-05 17:14:00,389 [Worker-30: Building] INFO  o.a.m.s.f.DefaultMavenResourcesFiltering - Copying 1 resource from src\main\resources to target\classes
2024-08-05 17:14:00,407 [Worker-30: Building] INFO  o.a.m.s.f.DefaultMavenResourcesFiltering - Copying 0 resource from src\main\resources to target\classes
2024-08-05 17:14:00,410 [Worker-30: Building] INFO  o.a.m.s.f.DefaultMavenResourcesFiltering - skip non existing resourceDirectory D:\SoftwareArchitect\MarshellingUnMarshelling\RESTDemo\src\test\resources
2024-08-05 17:14:35,767 [Worker-27: Building] INFO  o.a.m.s.f.DefaultMavenResourcesFiltering - Copying 1 resource from src\main\resources to target\classes
2024-08-05 17:14:35,772 [Worker-27: Building] INFO  o.a.m.s.f.DefaultMavenResourcesFiltering - Copying 0 resource from src\main\resources to target\classes
2024-08-05 17:14:35,776 [Worker-27: Building] INFO  o.a.m.s.f.DefaultMavenResourcesFiltering - skip non existing resourceDirectory D:\SoftwareArchitect\MarshellingUnMarshelling\RESTDemo\src\test\resources
2024-08-05 17:14:46,425 [Worker-30: Building] INFO  o.a.m.s.f.DefaultMavenResourcesFiltering - Copying 1 resource from src\main\resources to target\classes
2024-08-05 17:14:46,462 [Worker-30: Building] INFO  o.a.m.s.f.DefaultMavenResourcesFiltering - Copying 0 resource from src\main\resources to target\classes
2024-08-05 17:14:46,464 [Worker-30: Building] INFO  o.a.m.s.f.DefaultMavenResourcesFiltering - skip non existing resourceDirectory D:\SoftwareArchitect\MarshellingUnMarshelling\RESTDemo\src\test\resources
2024-08-05 17:14:48,281 [Worker-29: Building] INFO  o.a.m.s.f.DefaultMavenResourcesFiltering - Copying 1 resource from src\main\resources to target\classes
2024-08-05 17:14:48,285 [Worker-29: Building] INFO  o.a.m.s.f.DefaultMavenResourcesFiltering - Copying 0 resource from src\main\resources to target\classes
2024-08-05 17:14:48,287 [Worker-29: Building] INFO  o.a.m.s.f.DefaultMavenResourcesFiltering - skip non existing resourceDirectory D:\SoftwareArchitect\MarshellingUnMarshelling\RESTDemo\src\test\resources
2024-08-05 17:15:53,398 [Worker-26: Building] INFO  o.a.m.s.f.DefaultMavenResourcesFiltering - Copying 1 resource from src\main\resources to target\classes
2024-08-05 17:15:53,406 [Worker-26: Building] INFO  o.a.m.s.f.DefaultMavenResourcesFiltering - Copying 0 resource from src\main\resources to target\classes
2024-08-05 17:15:53,411 [Worker-26: Building] INFO  o.a.m.s.f.DefaultMavenResourcesFiltering - skip non existing resourceDirectory D:\SoftwareArchitect\MarshellingUnMarshelling\RESTDemo\src\test\resources
2024-08-05 17:16:02,536 [Worker-29: Building] INFO  o.a.m.s.f.DefaultMavenResourcesFiltering - Copying 1 resource from src\main\resources to target\classes
2024-08-05 17:16:02,545 [Worker-29: Building] INFO  o.a.m.s.f.DefaultMavenResourcesFiltering - Copying 0 resource from src\main\resources to target\classes
2024-08-05 17:16:02,549 [Worker-29: Building] INFO  o.a.m.s.f.DefaultMavenResourcesFiltering - skip non existing resourceDirectory D:\SoftwareArchitect\MarshellingUnMarshelling\RESTDemo\src\test\resources
2024-08-05 17:16:30,795 [Worker-29: Building] INFO  o.a.m.s.f.DefaultMavenResourcesFiltering - Copying 1 resource from src\main\resources to target\classes
2024-08-05 17:16:30,806 [Worker-29: Building] INFO  o.a.m.s.f.DefaultMavenResourcesFiltering - Copying 0 resource from src\main\resources to target\classes
2024-08-05 17:16:30,810 [Worker-29: Building] INFO  o.a.m.s.f.DefaultMavenResourcesFiltering - skip non existing resourceDirectory D:\SoftwareArchitect\MarshellingUnMarshelling\RESTDemo\src\test\resources
2024-08-05 17:17:08,354 [Worker-29: Building] INFO  o.a.m.s.f.DefaultMavenResourcesFiltering - Copying 1 resource from src\main\resources to target\classes
2024-08-05 17:17:08,360 [Worker-29: Building] INFO  o.a.m.s.f.DefaultMavenResourcesFiltering - Copying 0 resource from src\main\resources to target\classes
2024-08-05 17:17:08,364 [Worker-29: Building] INFO  o.a.m.s.f.DefaultMavenResourcesFiltering - skip non existing resourceDirectory D:\SoftwareArchitect\MarshellingUnMarshelling\RESTDemo\src\test\resources
2024-08-05 17:17:19,262 [Worker-28: Building] INFO  o.a.m.s.f.DefaultMavenResourcesFiltering - Copying 1 resource from src\main\resources to target\classes
2024-08-05 17:17:19,267 [Worker-28: Building] INFO  o.a.m.s.f.DefaultMavenResourcesFiltering - Copying 0 resource from src\main\resources to target\classes
2024-08-05 17:17:19,269 [Worker-28: Building] INFO  o.a.m.s.f.DefaultMavenResourcesFiltering - skip non existing resourceDirectory D:\SoftwareArchitect\MarshellingUnMarshelling\RESTDemo\src\test\resources
2024-08-05 17:18:30,086 [Worker-29: Building] INFO  o.a.m.s.f.DefaultMavenResourcesFiltering - Copying 1 resource from src\main\resources to target\classes
2024-08-05 17:18:30,092 [Worker-29: Building] INFO  o.a.m.s.f.DefaultMavenResourcesFiltering - Copying 0 resource from src\main\resources to target\classes
2024-08-05 17:18:30,095 [Worker-29: Building] INFO  o.a.m.s.f.DefaultMavenResourcesFiltering - skip non existing resourceDirectory D:\SoftwareArchitect\MarshellingUnMarshelling\RESTDemo\src\test\resources
2024-08-05 17:18:40,335 [Worker-30: Building] INFO  o.a.m.s.f.DefaultMavenResourcesFiltering - Copying 1 resource from src\main\resources to target\classes
2024-08-05 17:18:40,359 [Worker-30: Building] INFO  o.a.m.s.f.DefaultMavenResourcesFiltering - Copying 0 resource from src\main\resources to target\classes
2024-08-05 17:18:40,366 [Worker-30: Building] INFO  o.a.m.s.f.DefaultMavenResourcesFiltering - skip non existing resourceDirectory D:\SoftwareArchitect\MarshellingUnMarshelling\RESTDemo\src\test\resources
2024-08-05 17:18:43,556 [Worker-29: Building] INFO  o.a.m.s.f.DefaultMavenResourcesFiltering - Copying 1 resource from src\main\resources to target\classes
2024-08-05 17:18:43,558 [Worker-29: Building] INFO  o.a.m.s.f.DefaultMavenResourcesFiltering - Copying 0 resource from src\main\resources to target\classes
2024-08-05 17:18:43,560 [Worker-29: Building] INFO  o.a.m.s.f.DefaultMavenResourcesFiltering - skip non existing resourceDirectory D:\SoftwareArchitect\MarshellingUnMarshelling\RESTDemo\src\test\resources
2024-08-05 17:18:46,139 [Worker-27: Building] INFO  o.a.m.s.f.DefaultMavenResourcesFiltering - Copying 1 resource from src\main\resources to target\classes
2024-08-05 17:18:46,147 [Worker-27: Building] INFO  o.a.m.s.f.DefaultMavenResourcesFiltering - Copying 0 resource from src\main\resources to target\classes
2024-08-05 17:18:46,155 [Worker-27: Building] INFO  o.a.m.s.f.DefaultMavenResourcesFiltering - skip non existing resourceDirectory D:\SoftwareArchitect\MarshellingUnMarshelling\RESTDemo\src\test\resources
2024-08-05 19:13:33,630 [Worker-43: Building] INFO  o.a.m.s.f.DefaultMavenResourcesFiltering - Copying 1 resource from src\main\resources to target\classes
2024-08-05 19:13:34,477 [Worker-43: Building] INFO  o.a.m.s.f.DefaultMavenResourcesFiltering - Copying 0 resource from src\main\resources to target\classes
2024-08-05 19:13:34,489 [Worker-43: Building] INFO  o.a.m.s.f.DefaultMavenResourcesFiltering - skip non existing resourceDirectory D:\SoftwareArchitect\MarshellingUnMarshelling\RESTDemo\src\test\resources
